<?xml version="1.0" encoding="UTF-8"?>
<!-- Generated by org.testng.reporters.JUnitXMLReporter -->
<testsuite ignored="1" hostname="LAPTOP-MVN1TR0E" failures="0" tests="10" name="Test" time="169.957" errors="0" timestamp="2023-05-26T12:17:41 IST">
  <testcase classname="com.TestCases.HybridTestCases" name="TS1" time="28.511"/>
  <testcase classname="com.TestCases.HybridTestCases" name="TS2" time="12.198"/>
  <testcase classname="com.TestCases.HybridTestCases" name="TS3" time="19.111"/>
  <testcase classname="com.TestCases.HybridTestCases" name="TS4" time="10.002"/>
  <testcase classname="com.TestCases.HybridTestCases" name="TS5" time="9.236"/>
  <testcase classname="com.TestCases.HybridTestCases" name="TS6" time="6.158"/>
  <testcase classname="com.TestCases.HybridTestCases" name="TS7" time="26.853"/>
  <testcase classname="com.TestCases.HybridTestCases" name="TS8" time="6.099"/>
  <testcase classname="com.TestCases.HybridTestCases" name="TS9" time="6.492"/>
  <testcase classname="com.TestCases.HybridTestCases" name="TS10" time="8.568"/>
  <testcase classname="com.TestCases.HybridTestCases" name="login" time="0.0">
    <ignored/>
  </testcase> <!-- login -->
</testsuite> <!-- Test -->
