<?xml version="1.0" encoding="UTF-8"?>
<testng-results ignored="1" total="11" passed="10" failed="0" skipped="0">
  <reporter-output>
  </reporter-output>
  <suite started-at="2023-05-26T12:14:51 IST" name="Suite" finished-at="2023-05-26T12:17:41 IST" duration-ms="169957">
    <groups>
    </groups>
    <test started-at="2023-05-26T12:14:51 IST" name="Test" finished-at="2023-05-26T12:17:41 IST" duration-ms="169957">
      <class name="com.TestCases.HybridTestCases">
        <test-method is-config="true" signature="setup()[pri:0, instance:com.TestCases.HybridTestCases@d23e042]" started-at="2023-05-26T12:14:51 IST" name="setup" finished-at="2023-05-26T12:15:27 IST" duration-ms="36643" status="PASS">
          <reporter-output>
          </reporter-output>
        </test-method> <!-- setup -->
        <test-method signature="TS1()[pri:0, instance:com.TestCases.HybridTestCases@d23e042]" started-at="2023-05-26T12:15:28 IST" name="TS1" finished-at="2023-05-26T12:15:56 IST" duration-ms="28511" status="PASS">
          <reporter-output>
          </reporter-output>
        </test-method> <!-- TS1 -->
        <test-method signature="TS2()[pri:1, instance:com.TestCases.HybridTestCases@d23e042]" started-at="2023-05-26T12:15:56 IST" name="TS2" finished-at="2023-05-26T12:16:08 IST" duration-ms="12198" status="PASS">
          <reporter-output>
          </reporter-output>
        </test-method> <!-- TS2 -->
        <test-method signature="TS3()[pri:2, instance:com.TestCases.HybridTestCases@d23e042]" started-at="2023-05-26T12:16:08 IST" name="TS3" finished-at="2023-05-26T12:16:27 IST" duration-ms="19111" status="PASS">
          <reporter-output>
          </reporter-output>
        </test-method> <!-- TS3 -->
        <test-method signature="TS4()[pri:3, instance:com.TestCases.HybridTestCases@d23e042]" started-at="2023-05-26T12:16:27 IST" name="TS4" finished-at="2023-05-26T12:16:37 IST" duration-ms="10002" status="PASS">
          <reporter-output>
          </reporter-output>
        </test-method> <!-- TS4 -->
        <test-method signature="TS5()[pri:4, instance:com.TestCases.HybridTestCases@d23e042]" started-at="2023-05-26T12:16:37 IST" name="TS5" finished-at="2023-05-26T12:16:47 IST" duration-ms="9236" status="PASS">
          <reporter-output>
          </reporter-output>
        </test-method> <!-- TS5 -->
        <test-method signature="TS6()[pri:5, instance:com.TestCases.HybridTestCases@d23e042]" started-at="2023-05-26T12:16:47 IST" name="TS6" finished-at="2023-05-26T12:16:53 IST" duration-ms="6158" status="PASS">
          <reporter-output>
          </reporter-output>
        </test-method> <!-- TS6 -->
        <test-method signature="TS7()[pri:6, instance:com.TestCases.HybridTestCases@d23e042]" started-at="2023-05-26T12:16:53 IST" name="TS7" finished-at="2023-05-26T12:17:20 IST" duration-ms="26853" status="PASS">
          <reporter-output>
          </reporter-output>
        </test-method> <!-- TS7 -->
        <test-method signature="TS8()[pri:7, instance:com.TestCases.HybridTestCases@d23e042]" started-at="2023-05-26T12:17:20 IST" name="TS8" finished-at="2023-05-26T12:17:26 IST" duration-ms="6099" status="PASS">
          <reporter-output>
          </reporter-output>
        </test-method> <!-- TS8 -->
        <test-method signature="TS9()[pri:8, instance:com.TestCases.HybridTestCases@d23e042]" started-at="2023-05-26T12:17:26 IST" name="TS9" finished-at="2023-05-26T12:17:32 IST" duration-ms="6492" status="PASS">
          <reporter-output>
          </reporter-output>
        </test-method> <!-- TS9 -->
        <test-method signature="TS10()[pri:9, instance:com.TestCases.HybridTestCases@d23e042]" started-at="2023-05-26T12:17:32 IST" name="TS10" finished-at="2023-05-26T12:17:41 IST" duration-ms="8568" status="PASS">
          <reporter-output>
          </reporter-output>
        </test-method> <!-- TS10 -->
      </class> <!-- com.TestCases.HybridTestCases -->
    </test> <!-- Test -->
  </suite> <!-- Suite -->
</testng-results>
