<?xml version="1.0" encoding="UTF-8"?>
<!-- Generated by org.testng.reporters.JUnitXMLReporter -->
<testsuite ignored="1" hostname="LAPTOP-MVN1TR0E" failures="0" tests="10" name="Default test" time="165.262" errors="0" timestamp="2023-05-25T14:16:11 IST">
  <testcase classname="com.TestCases.HybridTestCases" name="TS1" time="26.291"/>
  <testcase classname="com.TestCases.HybridTestCases" name="TS2" time="12.211"/>
  <testcase classname="com.TestCases.HybridTestCases" name="TS3" time="18.878"/>
  <testcase classname="com.TestCases.HybridTestCases" name="TS4" time="10.237"/>
  <testcase classname="com.TestCases.HybridTestCases" name="TS5" time="9.159"/>
  <testcase classname="com.TestCases.HybridTestCases" name="TS6" time="6.159"/>
  <testcase classname="com.TestCases.HybridTestCases" name="TS7" time="28.611"/>
  <testcase classname="com.TestCases.HybridTestCases" name="TS8" time="6.157"/>
  <testcase classname="com.TestCases.HybridTestCases" name="TS9" time="6.357"/>
  <testcase classname="com.TestCases.HybridTestCases" name="TS10" time="9.898"/>
  <testcase classname="com.TestCases.HybridTestCases" name="login" time="0.0">
    <ignored/>
  </testcase> <!-- login -->
</testsuite> <!-- Default test -->
