<?xml version="1.0" encoding="UTF-8"?>
<!-- Generated by org.testng.reporters.JUnitXMLReporter -->
<testsuite ignored="1" hostname="LAPTOP-MVN1TR0E" failures="0" tests="10" name="Test" time="122.683" errors="0" timestamp="2023-05-26T11:52:57 IST">
  <testcase classname="com.TestCases.HybridTestCases" name="@BeforeTest setup" time="122.526">
    <failure type="io.appium.java_client.service.local.AppiumServerHasNotBeenStartedLocallyException" message="The local appium server has not been started. The given Node.js executable: C:\Program Files\nodejs\node.exe Arguments: [C:\Users\harsh\AppData\Roaming\npm\node_modules\appium\build\lib\main.js, --port, 4723, --address, 0.0.0.0] 
Process output: m404[39m [90m1 ms - 211[39m
[38;5;0m[HTTP][0m [90m[39m
[38;5;0m[HTTP][0m [37m--&amp;gt;[39m [37mGET[39m [37m/wd/hub/status[39m
[38;5;0m[HTTP][0m [90m{}[39m
[debug] [38;5;0m[HTTP][0m No route found for /wd/hub/status
[38;5;0m[HTTP][0m [37m&amp;lt;-- GET /wd/hub/status [39m[33m404[39m [90m1 ms - 211[39m
[38;5;0m[HTTP][0m [90m[39m
[38;5;0m[HTTP][0m [37m--&amp;gt;[39m [37mGET[39m [37m/wd/hub/status[39m
[38;5;0m[HTTP][0m [90m{}[39m
[debug] [38;5;0m[HTTP][0m No route found for /wd/hub/status
[38;5;0m[HTTP][0m [37m&amp;lt;-- GET /wd/hub/status [39m[33m404[39m [90m1 ms - 211[39m
[38;5;0m[HTTP][0m [90m[39m
[38;5;0m[HTTP][0m [37m--&amp;gt;[39m [37mGET[39m [37m/wd/hub/status[39m
[38;5;0m[HTTP][0m [90m{}[39m
[debug] [38;5;0m[HTTP][0m No route found for /wd/hub/status
[38;5;0m[HTTP][0m [37m&amp;lt;-- GET /wd/hub/status [39m[33m404[39m [90m2 ms - 211[39m
[38;5;0m[HTTP][0m [90m[39m
[38;5;0m[HTTP][0m [37m--&amp;gt;[39m [37mGET[39m [37m/wd/hub/status[39m
[38;5;0m[HTTP][0m [90m{}[39m
[debug] [38;5;0m[HTTP][0m No route found for /wd/hub/status
[38;5;0m[HTTP][0m [37m&amp;lt;-- GET /wd/hub/status [39m[33m404[39m [90m1 ms - 211[39m
[38;5;0m[HTTP][0m [90m[39m
[38;5;0m[HTTP][0m [37m--&amp;gt;[39m [37mGET[39m [37m/wd/hub/status[39m
[38;5;0m[HTTP][0m [90m{}[39m
[debug] [38;5;0m[HTTP][0m No route found for /wd/hub/status
[38;5;0m[HTTP][0m [37m&amp;lt;-- GET /wd/hub/status [39m[33m404[39m [90m1 ms - 211[39m
[38;5;0m[HTTP][0m [90m[39m
[38;5;0m[HTTP][0m [37m--&amp;gt;[39m [37mGET[39m [37m/wd/hub/status[39m
[38;5;0m[HTTP][0m [90m{}[39m
[debug] [38;5;0m[HTTP][0m No route found for /wd/hub/status
[38;5;0m[HTTP][0m [37m&amp;lt;-- GET /wd/hub/status [39m[33m404[39m [90m1 ms - 211[39m
[38;5;0m[HTTP][0m [90m[39m
[38;5;0m[HTTP][0m [37m--&amp;gt;[39m [37mGET[39m [37m/wd/hub/status[39m
[38;5;0m[HTTP][0m [90m{}[39m
[debug] [38;5;0m[HTTP][0m No route found for /wd/hub/status
[38;5;0m[HTTP][0m [37m&amp;lt;-- GET /wd/hub/status [39m[33m404[39m [90m1 ms - 211[39m
[38;5;0m[HTTP][0m [90m[39m
[38;5;0m[HTTP][0m [37m--&amp;gt;[39m [37mGET[39m [37m/wd/hub/status[39m
[38;5;0m[HTTP][0m [90m{}[39m
[debug] [38;5;0m[HTTP][0m No route found for /wd/hub/status
[38;5;0m[HTTP][0m [37m&amp;lt;-- GET /wd/hub/status [39m[33m404[39m [90m1 ms - 211[39m
[38;5;0m[HTTP][0m [90m[39m
[38;5;0m[HTTP][0m [37m--&amp;gt;[39m [37mGET[39m [37m/wd/hub/status[39m
[38;5;0m[HTTP][0m [90m{}[39m
[debug] [38;5;0m[HTTP][0m No route found for /wd/hub/status
[38;5;0m[HTTP][0m [37m&amp;lt;-- GET /wd/hub/status [39m[33m404[39m [90m1 ms - 211[39m
[38;5;0m[HTTP][0m [90m[39m
[38;5;0m[HTTP][0m [37m--&amp;gt;[39m [37mGET[39m [37m/wd/hub/status[39m
[38;5;0m[HTTP][0m [90m{}[39m
[debug] [38;5;0m[HTTP][0m No route found for /wd/hub/status
[38;5;0m[HTTP][0m [37m&amp;lt;-- GET /wd/hub/status [39m[33m404[39m [90m1 ms - 211[39m
[38;5;0m[HTTP][0m [90m[39m
[38;5;0m[HTTP][0m [37m--&amp;gt;[39m [37mGET[39m [37m/wd/hub/status[39m
[38;5;0m[HTTP][0m [90m{}[39m
[debug] [38;5;0m[HTTP][0m No route found for /wd/hub/status
[38;5;0m[HTTP][0m [37m&amp;lt;-- GET /wd/hub/status [39m[33m404[39m [90m1 ms - 211[39m
[38;5;0m[HTTP][0m [90m[39m
[38;5;0m[HTTP][0m [37m--&amp;gt;[39m [37mGET[39m [37m/wd/hub/status[39m
[38;5;0m[HTTP][0m [90m{}[39m
[debug] [38;5;0m[HTTP][0m No route found for /wd/hub/status
[38;5;0m[HTTP][0m [37m&amp;lt;-- GET /wd/hub/status [39m[33m404[39m [90m2 ms - 211[39m
[38;5;0m[HTTP][0m [90m[39m
[38;5;0m[HTTP][0m [37m--&amp;gt;[39m [37mGET[39m [37m/wd/hub/status[39m
[38;5;0m[HTTP][0m [90m{}[39m
[debug] [38;5;0m[HTTP][0m No route found for /wd/hub/status
[38;5;0m[HTTP][0m [37m&amp;lt;-- GET /wd/hub/status [39m[33m404[39m [90m1 ms - 211[39m
[38;5;0m[HTTP][0m [90m[39m
[38;5;0m[HTTP][0m [37m--&amp;gt;[39m [37mGET[39m [37m/wd/hub/status[39m
[38;5;0m[HTTP][0m [90m{}[39m
[debug] [38;5;0m[HTTP][0m No route found for /wd/hub/status
[38;5;0m[HTTP][0m [37m&amp;lt;-- GET /wd/hub/status [39m[33m404[39m [90m1 ms - 211[39m
[38;5;0m[HTTP][0m [90m[39m
[38;5;0m[HTTP][0m [37m--&amp;gt;[39m [37mGET[39m [37m/wd/hub/status[39m
[38;5;0m[HTTP][0m [90m{}[39m
[debug] [38;5;0m[HTTP][0m No route found for /wd/hub/status
[38;5;0m[HTTP][0m [37m&amp;lt;-- GET /wd/hub/status [39m[33m404[39m [90m1 ms - 211[39m
[38;5;0m[HTTP][0m [90m[39m
[38;5;0m[HTTP][0m [37m--&amp;gt;[39m [37mGET[39m [37m/wd/hub/status[39m
[38;5;0m[HTTP][0m [90m{}[39m
[debug] [38;5;0m[HTTP][0m No route found for /wd/hub/status
[38;5;0m[HTTP][0m [37m&amp;lt;-- GET /wd/hub/status [39m[33m404[39m [90m1 ms - 211[39m
[38;5;0m[HTTP][0m [90m[39m
[38;5;0m[HTTP][0m [37m--&amp;gt;[39m [37mGET[39m [37m/wd/hub/status[39m
[38;5;0m[HTTP][0m [90m{}[39m
[debug] [38;5;0m[HTTP][0m No route found for /wd/hub/status
[38;5;0m[HTTP][0m [37m&amp;lt;-- GET /wd/hub/status [39m[33m404[39m [90m1 ms - 211[39m
[38;5;0m[HTTP][0m [90m[39m
[38;5;0m[HTTP][0m [37m--&amp;gt;[39m [37mGET[39m [37m/wd/hub/status[39m
[38;5;0m[HTTP][0m [90m{}[39m
[debug] [38;5;0m[HTTP][0m No route found for /wd/hub/status
[38;5;0m[HTTP][0m [37m&amp;lt;-- GET /wd/hub/status [39m[33m404[39m [90m1 ms - 211[39m
[38;5;0m[HTTP][0m [90m[39m
[38;5;0m[HTTP][0m [37m--&amp;gt;[39m [37mGET[39m [37m/wd/hub/status[39m
[38;5;0m[HTTP][0m [90m{}[39m
[debug] [38;5;0m[HTTP][0m No route found for /wd/hub/status
[38;5;0m[HTTP][0m [37m&amp;lt;-- GET /wd/hub/status [39m[33m404[39m [90m1 ms - 211[39m
[38;5;0m[HTTP][0m [90m[39m
[38;5;0m[HTTP][0m [37m--&amp;gt;[39m [37mGET[39m [37m/wd/hub/status[39m
[38;5;0m[HTTP][0m [90m{}[39m
[debug] [38;5;0m[HTTP][0m No route found for /wd/hub/status
[38;5;0m[HTTP][0m [37m&amp;lt;-- GET /wd/hub/status [39m[33m404[39m [90m1 ms - 211[39m
[38;5;0m[HTTP][0m [90m[39m
[38;5;0m[HTTP][0m [37m--&amp;gt;[39m [37mGET[39m [37m/wd/hub/status[39m
[38;5;0m[HTTP][0m [90m{}[39m
[debug] [38;5;0m[HTTP][0m No route found for /wd/hub/status
[38;5;0m[HTTP][0m [37m&amp;lt;-- GET /wd/hub/status [39m[33m404[39m [90m1 ms - 211[39m
[38;5;0m[HTTP][0m [90m[39m
[38;5;0m[HTTP][0m [37m--&amp;gt;[39m [37mGET[39m [37m/wd/hub/status[39m
[38;5;0m[HTTP][0m [90m{}[39m
[debug] [38;5;0m[HTTP][0m No route found for /wd/hub/status
[38;5;0m[HTTP][0m [37m&amp;lt;-- GET /wd/hub/status [39m[33m404[39m [90m1 ms - 211[39m
[38;5;0m[HTTP][0m [90m[39m
[38;5;0m[HTTP][0m [37m--&amp;gt;[39m [37mGET[39m [37m/wd/hub/status[39m
[38;5;0m[HTTP][0m [90m{}[39m
[debug] [38;5;0m[HTTP][0m No route found for /wd/hub/status
[38;5;0m[HTTP][0m [37m&amp;lt;-- GET /wd/hub/status [39m[33m404[39m [90m1 ms - 211[39m
[38;5;0m[HTTP][0m [90m[39m
[38;5;0m[HTTP][0m [37m--&amp;gt;[39m [37mGET[39m [37m/wd/hub/status[39m
[38;5;0m[HTTP][0m [90m{}[39m
[debug] [38;5;0m[HTTP][0m No route found for /wd/hub/status
[38;5;0m[HTTP][0m [37m&amp;lt;-- GET /wd/hub/status [39m[33m404[39m [90m1 ms - 211[39m
[38;5;0m[HTTP][0m [90m[39m
[38;5;0m[HTTP][0m [37m--&amp;gt;[39m [37mGET[39m [37m/wd/hub/status[39m
[38;5;0m[HTTP][0m [90m{}[39m
[debug] [38;5;0m[HTTP][0m No route found for /wd/hub/status
[38;5;0m[HTTP][0m [37m&amp;lt;-- GET /wd/hub/status [39m[33m404[39m [90m1 ms - 211[39m
[38;5;0m[HTTP][0m [90m[39m
[38;5;0m[HTTP][0m [37m--&amp;gt;[39m [37mGET[39m [37m/wd/hub/status[39m
[38;5;0m[HTTP][0m [90m{}[39m
[debug] [38;5;0m[HTTP][0m No route found for /wd/hub/status
[38;5;0m[HTTP][0m [37m&amp;lt;-- GET /wd/hub/status [39m[33m404[39m [90m1 ms - 211[39m
[38;5;0m[HTTP][0m [90m[39m
[38;5;0m[HTTP][0m [37m--&amp;gt;[39m [37mGET[39m [37m/wd/hub/status[39m
[38;5;0m[HTTP][0m [90m{}[39m
[debug] [38;5;0m[HTTP][0m No route found for /wd/hub/status
[38;5;0m[HTTP][0m [37m&amp;lt;-- GET /wd/hub/status [39m[33m404[39m [90m1 ms - 211[39m
[38;5;0m[HTTP][0m [90m[39m
[38;5;0m[HTTP][0m [37m--&amp;gt;[39m [37mGET[39m [37m/wd/hub/status[39m
[38;5;0m[HTTP][0m [90m{}[39m
[debug] [38;5;0m[HTTP][0m No route found for /wd/hub/status
[38;5;0m[HTTP][0m [37m&amp;lt;-- GET /wd/hub/status [39m[33m404[39m [90m1 ms - 211[39m
[38;5;0m[HTTP][0m [90m[39m
[38;5;0m[HTTP][0m [37m--&amp;gt;[39m [37mGET[39m [37m/wd/hub/status[39m
[38;5;0m[HTTP][0m [90m{}[39m
[debug] [38;5;0m[HTTP][0m No route found for /wd/hub/status
[38;5;0m[HTTP][0m [37m&amp;lt;-- GET /wd/hub/status [39m[33m404[39m [90m2 ms - 211[39m
[38;5;0m[HTTP][0m [90m[39m
[38;5;0m[HTTP][0m [37m--&amp;gt;[39m [37mGET[39m [37m/wd/hub/status[39m
[38;5;0m[HTTP][0m [90m{}[39m
[debug] [38;5;0m[HTTP][0m No route found for /wd/hub/status
[38;5;0m[HTTP][0m [37m&amp;lt;-- GET /wd/hub/status [39m[33m404[39m [90m1 ms - 211[39m
[38;5;0m[HTTP][0m [90m[39m
[38;5;0m[HTTP][0m [37m--&amp;gt;[39m [37mGET[39m [37m/wd/hub/status[39m
[38;5;0m[HTTP][0m [90m{}[39m
[debug] [38;5;0m[HTTP][0m No route found for /wd/hub/status
[38;5;0m[HTTP][0m [37m&amp;lt;-- GET /wd/hub/status [39m[33m404[39m [90m1 ms - 211[39m
[38;5;0m[HTTP][0m [90m[39m
[38;5;0m[HTTP][0m [37m--&amp;gt;[39m [37mGET[39m [37m/wd/hub/status[39m
[38;5;0m[HTTP][0m [90m{}[39m
[debug] [38;5;0m[HTTP][0m No route found for /wd/hub/status
[38;5;0m[HTTP][0m [37m&amp;lt;-- GET /wd/hub/status [39m[33m404[39m [90m1 ms - 211[39m
[38;5;0m[HTTP][0m [90m[39m
[38;5;0m[HTTP][0m [37m--&amp;gt;[39m [37mGET[39m [37m/wd/hub/status[39m
[38;5;0m[HTTP][0m [90m{}[39m
[debug] [38;5;0m[HTTP][0m No route found for /wd/hub/status
[38;5;0m[HTTP][0m [37m&amp;lt;-- GET /wd/hub/status [39m[33m404[39m [90m1 ms - 211[39m
[38;5;0m[HTTP][0m [90m[39m
[38;5;0m[HTTP][0m [37m--&amp;gt;[39m [37mGET[39m [37m/wd/hub/status[39m
[38;5;0m[HTTP][0m [90m{}[39m
[debug] [38;5;0m[HTTP][0m No route found for /wd/hub/status
[38;5;0m[HTTP][0m [37m&amp;lt;-- GET /wd/hub/status [39m[33m404[39m [90m1 ms - 211[39m
[38;5;0m[HTTP][0m [90m[39m
[38;5;0m[HTTP][0m [37m--&amp;gt;[39m [37mGET[39m [37m/wd/hub/status[39m
[38;5;0m[HTTP][0m [90m{}[39m
[debug] [38;5;0m[HTTP][0m No route found for /wd/hub/status
[38;5;0m[HTTP][0m [37m&amp;lt;-- GET /wd/hub/status [39m[33m404[39m [90m1 ms - 211[39m
[38;5;0m[HTTP][0m [90m[39m
[38;5;0m[HTTP][0m [37m--&amp;gt;[39m [37mGET[39m [37m/wd/hub/status[39m
[38;5;0m[HTTP][0m [90m{}[39m
[debug] [38;5;0m[HTTP][0m No route found for /wd/hub/status
[38;5;0m[HTTP][0m [37m&amp;lt;-- GET /wd/hub/status [39m[33m404[39m [90m1 ms - 211[39m
[38;5;0m[HTTP][0m [90m[39m
[38;5;0m[HTTP][0m [37m--&amp;gt;[39m [37mGET[39m [37m/wd/hub/status[39m
[38;5;0m[HTTP][0m [90m{}[39m
[debug] [38;5;0m[HTTP][0m No route found for /wd/hub/status
[38;5;0m[HTTP][0m [37m&amp;lt;-- GET /wd/hub/status [39m[33m404[39m [90m2 ms - 211[39m
[38;5;0m[HTTP][0m [90m[39m
[38;5;0m[HTTP][0m [37m--&amp;gt;[39m [37mGET[39m [37m/wd/hub/status[39m
[38;5;0m[HTTP][0m [90m{}[39m
[debug] [38;5;0m[HTTP][0m No route found for /wd/hub/status
[38;5;0m[HTTP][0m [37m&amp;lt;-- GET /wd/hub/status [39m[33m404[39m [90m1 ms - 211[39m
[38;5;0m[HTTP][0m [90m[39m
[38;5;0m[HTTP][0m [37m--&amp;gt;[39m [37mGET[39m [37m/wd/hub/status[39m
[38;5;0m[HTTP][0m [90m{}[39m
[debug] [38;5;0m[HTTP][0m No route found for /wd/hub/status
[38;5;0m[HTTP][0m [37m&amp;lt;-- GET /wd/hub/status [39m[33m404[39m [90m1 ms - 211[39m
[38;5;0m[HTTP][0m [90m[39m
[38;5;0m[HTTP][0m [37m--&amp;gt;[39m [37mGET[39m [37m/wd/hub/status[39m
[38;5;0m[HTTP][0m [90m{}[39m
[debug] [38;5;0m[HTTP][0m No route found for /wd/hub/status
[38;5;0m[HTTP][0m [37m&amp;lt;-- GET /wd/hub/status [39m[33m404[39m [90m1 ms - 211[39m
[38;5;0m[HTTP][0m [90m[39m
[38;5;0m[HTTP][0m [37m--&amp;gt;[39m [37mGET[39m [37m/wd/hub/status[39m
[38;5;0m[HTTP][0m [90m{}[39m
[debug] [38;5;0m[HTTP][0m No route found for /wd/hub/status
[38;5;0m[HTTP][0m [37m&amp;lt;-- GET /wd/hub/status [39m[33m404[39m [90m1 ms - 211[39m
[38;5;0m[HTTP][0m [90m[39m
[38;5;0m[HTTP][0m [37m--&amp;gt;[39m [37mGET[39m [37m/wd/hub/status[39m
[38;5;0m[HTTP][0m [90m{}[39m
[debug] [38;5;0m[HTTP][0m No route found for /wd/hub/status
[38;5;0m[HTTP][0m [37m&amp;lt;-- GET /wd/hub/status [39m[33m404[39m [90m1 ms - 211[39m
[38;5;0m[HTTP][0m [90m[39m
[38;5;0m[HTTP][0m [37m--&amp;gt;[39m [37mGET[39m [37m/wd/hub/status[39m
[38;5;0m[HTTP][0m [90m{}[39m
[debug] [38;5;0m[HTTP][0m No route found for /wd/hub/status
[38;5;0m[HTTP][0m [37m&amp;lt;-- GET /wd/hub/status [39m[33m404[39m [90m1 ms - 211[39m
[38;5;0m[HTTP][0m [90m[39m
[38;5;0m[HTTP][0m [37m--&amp;gt;[39m [37mGET[39m [37m/wd/hub/status[39m
[38;5;0m[HTTP][0m [90m{}[39m
[debug] [38;5;0m[HTTP][0m No route found for /wd/hub/status
[38;5;0m[HTTP][0m [37m&amp;lt;-- GET /wd/hub/status [39m[33m404[39m [90m1 ms - 211[39m
[38;5;0m[HTTP][0m [90m[39m
[38;5;0m[HTTP][0m [37m--&amp;gt;[39m [37mGET[39m [37m/wd/hub/status[39m
[38;5;0m[HTTP][0m [90m{}[39m
[debug] [38;5;0m[HTTP][0m No route found for /wd/hub/status
[38;5;0m[HTTP][0m [37m&amp;lt;-- GET /wd/hub/status [39m[33m404[39m [90m2 ms - 211[39m
[38;5;0m[HTTP][0m [90m[39m
[38;5;0m[HTTP][0m [37m--&amp;gt;[39m [37mGET[39m [37m/wd/hub/status[39m
[38;5;0m[HTTP][0m [90m{}[39m
[debug] [38;5;0m[HTTP][0m No route found for /wd/hub/status
[38;5;0m[HTTP][0m [37m&amp;lt;-- GET /wd/hub/status [39m[33m404[39m [90m1 ms - 211[39m
[38;5;0m[HTTP][0m [90m[39m
[38;5;0m[HTTP][0m [37m--&amp;gt;[39m [37mGET[39m [37m/wd/hub/status[39m
[38;5;0m[HTTP][0m [90m{}[39m
[debug] [38;5;0m[HTTP][0m No route found for /wd/hub/status
[38;5;0m[HTTP][0m [37m&amp;lt;-- GET /wd/hub/status [39m[33m404[39m [90m1 ms - 211[39m
[38;5;0m[HTTP][0m [90m[39m
[38;5;0m[HTTP][0m [37m--&amp;gt;[39m [37mGET[39m [37m/wd/hub/status[39m
[38;5;0m[HTTP][0m [90m{}[39m
[debug] [38;5;0m[HTTP][0m No route found for /wd/hub/status
[38;5;0m[HTTP][0m [37m&amp;lt;-- GET /wd/hub/status [39m[33m404[39m [90m1 ms - 211[39m
[38;5;0m[HTTP][0m [90m[39m
[38;5;0m[HTTP][0m [37m--&amp;gt;[39m [37mGET[39m [37m/wd/hub/status[39m
[38;5;0m[HTTP][0m [90m{}[39m
[debug] [38;5;0m[HTTP][0m No route found for /wd/hub/status
[38;5;0m[HTTP][0m [37m&amp;lt;-- GET /wd/hub/status [39m[33m404[39m [90m1 ms - 211[39m
[38;5;0m[HTTP][0m [90m[39m
[38;5;0m[HTTP][0m [37m--&amp;gt;[39m [37mGET[39m [37m/wd/hub/status[39m
[38;5;0m[HTTP][0m [90m{}[39m
[debug] [38;5;0m[HTTP][0m No route found for /wd/hub/status
[38;5;0m[HTTP][0m [37m&amp;lt;-- GET /wd/hub/status [39m[33m404[39m [90m2 ms - 211[39m
[38;5;0m[HTTP][0m [90m[39m
[38;5;0m[HTTP][0m [37m--&amp;gt;[39m [37mGET[39m [37m/wd/hub/status[39m
[38;5;0m[HTTP][0m [90m{}[39m
[debug] [38;5;0m[HTTP][0m No route found for /wd/hub/status
[38;5;0m[HTTP][0m [37m&amp;lt;-- GET /wd/hub/status [39m[33m404[39m [90m1 ms - 211[39m
[38;5;0m[HTTP][0m [90m[39m
[38;5;0m[HTTP][0m [37m--&amp;gt;[39m [37mGET[39m [37m/wd/hub/status[39m
[38;5;0m[HTTP][0m [90m{}[39m
[debug] [38;5;0m[HTTP][0m No route found for /wd/hub/status
[38;5;0m[HTTP][0m [37m&amp;lt;-- GET /wd/hub/status [39m[33m404[39m [90m1 ms - 211[39m
[38;5;0m[HTTP][0m [90m[39m
[38;5;0m[HTTP][0m [37m--&amp;gt;[39m [37mGET[39m [37m/wd/hub/status[39m
[38;5;0m[HTTP][0m [90m{}[39m
[debug] [38;5;0m[HTTP][0m No route found for /wd/hub/status
[38;5;0m[HTTP][0m [37m&amp;lt;-- GET /wd/hub/status [39m[33m404[39m [90m1 ms - 211[39m
[38;5;0m[HTTP][0m [90m[39m
[38;5;0m[HTTP][0m [37m--&amp;gt;[39m [37mGET[39m [37m/wd/hub/status[39m
[38;5;0m[HTTP][0m [90m{}[39m
[debug] [38;5;0m[HTTP][0m No route found for /wd/hub/status
[38;5;0m[HTTP][0m [37m&amp;lt;-- GET /wd/hub/status [39m[33m404[39m [90m2 ms - 211[39m
[38;5;0m[HTTP][0m [90m[39m
[38;5;0m[HTTP][0m [37m--&amp;gt;[39m [37mGET[39m [37m/wd/hub/status[39m
[38;5;0m[HTTP][0m [90m{}[39m
[debug] [38;5;0m[HTTP][0m No route found for /wd/hub/status
[38;5;0m[HTTP][0m [37m&amp;lt;-- GET /wd/hub/status [39m[33m404[39m [90m1 ms - 211[39m
[38;5;0m[HTTP][0m [90m[39m
[38;5;0m[HTTP][0m [37m--&amp;gt;[39m [37mGET[39m [37m/wd/hub/status[39m
[38;5;0m[HTTP][0m [90m{}[39m
[debug] [38;5;0m[HTTP][0m No route found for /wd/hub/status
[38;5;0m[HTTP][0m [37m&amp;lt;-- GET /wd/hub/status [39m[33m404[39m [90m1 ms - 211[39m
[38;5;0m[HTTP][0m [90m[39m
[38;5;0m[HTTP][0m [37m--&amp;gt;[39m [37mGET[39m [37m/wd/hub/status[39m
[38;5;0m[HTTP][0m [90m{}[39m
[debug] [38;5;0m[HTTP][0m No route found for /wd/hub/status
[38;5;0m[HTTP][0m [37m&amp;lt;-- GET /wd/hub/status [39m[33m404[39m [90m1 ms - 211[39m
[38;5;0m[HTTP][0m [90m[39m
[38;5;0m[HTTP][0m [37m--&amp;gt;[39m [37mGET[39m [37m/wd/hub/status[39m
[38;5;0m[HTTP][0m [90m{}[39m
[debug] [38;5;0m[HTTP][0m No route found for /wd/hub/status
[38;5;0m[HTTP][0m [37m&amp;lt;-- GET /wd/hub/status [39m[33m404[39m [90m1 ms - 211[39m
[38;5;0m[HTTP][0m [90m[39m
[38;5;0m[HTTP][0m [37m--&amp;gt;[39m [37mGET[39m [37m/wd/hub/status[39m
[38;5;0m[HTTP][0m [90m{}[39m
[debug] [38;5;0m[HTTP][0m No route found for /wd/hub/status
[38;5;0m[HTTP][0m [37m&amp;lt;-- GET /wd/hub/status [39m[33m404[39m [90m1 ms - 211[39m
[38;5;0m[HTTP][0m [90m[39m
[38;5;0m[HTTP][0m [37m--&amp;gt;[39m [37mGET[39m [37m/wd/hub/status[39m
[38;5;0m[HTTP][0m [90m{}[39m
[debug] [38;5;0m[HTTP][0m No route found for /wd/hub/status
[38;5;0m[HTTP][0m [37m&amp;lt;-- GET /wd/hub/status [39m[33m404[39m [90m1 ms - 211[39m
[38;5;0m[HTTP][0m [90m[39m
[38;5;0m[HTTP][0m [37m--&amp;gt;[39m [37mGET[39m [37m/wd/hub/status[39m
[38;5;0m[HTTP][0m [90m{}[39m
[debug] [38;5;0m[HTTP][0m No route found for /wd/hub/status
[38;5;0m[HTTP][0m [37m&amp;lt;-- GET /wd/hub/status [39m[33m404[39m [90m1 ms - 211[39m
[38;5;0m[HTTP][0m [90m[39m
[38;5;0m[HTTP][0m [37m--&amp;gt;[39m [37mGET[39m [37m/wd/hub/status[39m
[38;5;0m[HTTP][0m [90m{}[39m
[debug] [38;5;0m[HTTP][0m No route found for /wd/hub/status
[38;5;0m[HTTP][0m [37m&amp;lt;-- GET /wd/hub/status [39m[33m404[39m [90m1 ms - 211[39m
[38;5;0m[HTTP][0m [90m[39m
[38;5;0m[HTTP][0m [37m--&amp;gt;[39m [37mGET[39m [37m/wd/hub/status[39m
[38;5;0m[HTTP][0m [90m{}[39m
[debug] [38;5;0m[HTTP][0m No route found for /wd/hub/status
[38;5;0m[HTTP][0m [37m&amp;lt;-- GET /wd/hub/status [39m[33m404[39m [90m1 ms - 211[39m
[38;5;0m[HTTP][0m [90m[39m
[38;5;0m[HTTP][0m [37m--&amp;gt;[39m [37mGET[39m [37m/wd/hub/status[39m
[38;5;0m[HTTP][0m [90m{}[39m
[debug] [38;5;0m[HTTP][0m No route found for /wd/hub/status
[38;5;0m[HTTP][0m [37m&amp;lt;-- GET /wd/hub/status [39m[33m404[39m [90m1 ms - 211[39m
[38;5;0m[HTTP][0m [90m[39m
[38;5;0m[HTTP][0m [37m--&amp;gt;[39m [37mGET[39m [37m/wd/hub/status[39m
[38;5;0m[HTTP][0m [90m{}[39m
[debug] [38;5;0m[HTTP][0m No route found for /wd/hub/status
[38;5;0m[HTTP][0m [37m&amp;lt;-- GET /wd/hub/status [39m[33m404[39m [90m1 ms - 211[39m
[38;5;0m[HTTP][0m [90m[39m
[38;5;0m[HTTP][0m [37m--&amp;gt;[39m [37mGET[39m [37m/wd/hub/status[39m
[38;5;0m[HTTP][0m [90m{}[39m
[debug] [38;5;0m[HTTP][0m No route found for /wd/hub/status
[38;5;0m[HTTP][0m [37m&amp;lt;-- GET /wd/hub/status [39m[33m404[39m [90m1 ms - 211[39m
[38;5;0m[HTTP][0m [90m[39m
[38;5;0m[HTTP][0m [37m--&amp;gt;[39m [37mGET[39m [37m/wd/hub/status[39m
[38;5;0m[HTTP][0m [90m{}[39m
[debug] [38;5;0m[HTTP][0m No route found for /wd/hub/status
[38;5;0m[HTTP][0m [37m&amp;lt;-- GET /wd/hub/status [39m[33m404[39m [90m1 ms - 211[39m
[38;5;0m[HTTP][0m [90m[39m
[38;5;0m[HTTP][0m [37m--&amp;gt;[39m [37mGET[39m [37m/wd/hub/status[39m
[38;5;0m[HTTP][0m [90m{}[39m
[debug] [38;5;0m[HTTP][0m No route found for /wd/hub/status
[38;5;0m[HTTP][0m [37m&amp;lt;-- GET /wd/hub/status [39m[33m404[39m [90m1 ms - 211[39m
[38;5;0m[HTTP][0m [90m[39m
[38;5;0m[HTTP][0m [37m--&amp;gt;[39m [37mGET[39m [37m/wd/hub/status[39m
[38;5;0m[HTTP][0m [90m{}[39m
[debug] [38;5;0m[HTTP][0m No route found for /wd/hub/status
[38;5;0m[HTTP][0m [37m&amp;lt;-- GET /wd/hub/status [39m[33m404[39m [90m1 ms - 211[39m
[38;5;0m[HTTP][0m [90m[39m
[38;5;0m[HTTP][0m [37m--&amp;gt;[39m [37mGET[39m [37m/wd/hub/status[39m
[38;5;0m[HTTP][0m [90m{}[39m
[debug] [38;5;0m[HTTP][0m No route found for /wd/hub/status
[38;5;0m[HTTP][0m [37m&amp;lt;-- GET /wd/hub/status [39m[33m404[39m [90m1 ms - 211[39m
[38;5;0m[HTTP][0m [90m[39m
[38;5;0m[HTTP][0m [37m--&amp;gt;[39m [37mGET[39m [37m/wd/hub/status[39m
[38;5;0m[HTTP][0m [90m{}[39m
[debug] [38;5;0m[HTTP][0m No route found for /wd/hub/status
[38;5;0m[HTTP][0m [37m&amp;lt;-- GET /wd/hub/status [39m[33m404[39m [90m1 ms - 211[39m
[38;5;0m[HTTP][0m [90m[39m
[38;5;0m[HTTP][0m [37m--&amp;gt;[39m [37mGET[39m [37m/wd/hub/status[39m
[38;5;0m[HTTP][0m [90m{}[39m
[debug] [38;5;0m[HTTP][0m No route found for /wd/hub/status
[38;5;0m[HTTP][0m [37m&amp;lt;-- GET /wd/hub/status [39m[33m404[39m [90m1 ms - 211[39m
[38;5;0m[HTTP][0m [90m[39m
[38;5;0m[HTTP][0m [37m--&amp;gt;[39m [37mGET[39m [37m/wd/hub/status[39m
[38;5;0m[HTTP][0m [90m{}[39m
[debug] [38;5;0m[HTTP][0m No route found for /wd/hub/status
[38;5;0m[HTTP][0m [37m&amp;lt;-- GET /wd/hub/status [39m[33m404[39m [90m1 ms - 211[39m
[38;5;0m[HTTP][0m [90m[39m
[38;5;0m[HTTP][0m [37m--&amp;gt;[39m [37mGET[39m [37m/wd/hub/status[39m
[38;5;0m[HTTP][0m [90m{}[39m
[debug] [38;5;0m[HTTP][0m No route found for /wd/hub/status
[38;5;0m[HTTP][0m [37m&amp;lt;-- GET /wd/hub/status [39m[33m404[39m [90m2 ms - 211[39m
[38;5;0m[HTTP][0m [90m[39m
[38;5;0m[HTTP][0m [37m--&amp;gt;[39m [37mGET[39m [37m/wd/hub/status[39m
[38;5;0m[HTTP][0m [90m{}[39m
[debug] [38;5;0m[HTTP][0m No route found for /wd/hub/status
[38;5;0m[HTTP][0m [37m&amp;lt;-- GET /wd/hub/status [39m[33m404[39m [90m1 ms - 211[39m
[38;5;0m[HTTP][0m [90m[39m
[38;5;0m[HTTP][0m [37m--&amp;gt;[39m [37mGET[39m [37m/wd/hub/status[39m
[38;5;0m[HTTP][0m [90m{}[39m
[debug] [38;5;0m[HTTP][0m No route found for /wd/hub/status
[38;5;0m[HTTP][0m [37m&amp;lt;-- GET /wd/hub/status [39m[33m404[39m [90m1 ms - 211[39m
[38;5;0m[HTTP][0m [90m[39m
[38;5;0m[HTTP][0m [37m--&amp;gt;[39m [37mGET[39m [37m/wd/hub/status[39m
[38;5;0m[HTTP][0m [90m{}[39m
[debug] [38;5;0m[HTTP][0m No route found for /wd/hub/status
[38;5;0m[HTTP][0m [37m&amp;lt;-- GET /wd/hub/status [39m[33m404[39m [90m1 ms - 211[39m
[38;5;0m[HTTP][0m [90m[39m
[38;5;0m[HTTP][0m [37m--&amp;gt;[39m [37mGET[39m [37m/wd/hub/status[39m
[38;5;0m[HTTP][0m [90m{}[39m
[debug] [38;5;0m[HTTP][0m No route found for /wd/hub/status
[38;5;0m[HTTP][0m [37m&amp;lt;-- GET /wd/hub/status [39m[33m404[39m [90m2 ms - 211[39m
[38;5;0m[HTTP][0m [90m[39m
[38;5;0m[HTTP][0m [37m--&amp;gt;[39m [37mGET[39m [37m/wd/hub/status[39m
[38;5;0m[HTTP][0m [90m{}[39m
[debug] [38;5;0m[HTTP][0m No route found for /wd/hub/status
[38;5;0m[HTTP][0m [37m&amp;lt;-- GET /wd/hub/status [39m[33m404[39m [90m1 ms - 211[39m
[38;5;0m[HTTP][0m [90m[39m
[38;5;0m[HTTP][0m [37m--&amp;gt;[39m [37mGET[39m [37m/wd/hub/status[39m
[38;5;0m[HTTP][0m [90m{}[39m
[debug] [38;5;0m[HTTP][0m No route found for /wd/hub/status
[38;5;0m[HTTP][0m [37m&amp;lt;-- GET /wd/hub/status [39m[33m404[39m [90m1 ms - 211[39m
[38;5;0m[HTTP][0m [90m[39m
[38;5;0m[HTTP][0m [37m--&amp;gt;[39m [37mGET[39m [37m/wd/hub/status[39m
[38;5;0m[HTTP][0m [90m{}[39m
[debug] [38;5;0m[HTTP][0m No route found for /wd/hub/status
[38;5;0m[HTTP][0m [37m&amp;lt;-- GET /wd/hub/status [39m[33m404[39m [90m1 ms - 211[39m
[38;5;0m[HTTP][0m [90m[39m
[38;5;0m[HTTP][0m [37m--&amp;gt;[39m [37mGET[39m [37m/wd/hub/status[39m
[38;5;0m[HTTP][0m [90m{}[39m
[debug] [38;5;0m[HTTP][0m No route found for /wd/hub/status
[38;5;0m[HTTP][0m [37m&amp;lt;-- GET /wd/hub/status [39m[33m404[39m [90m1 ms - 211[39m
[38;5;0m[HTTP][0m [90m[39m
[38;5;0m[HTTP][0m [37m--&amp;gt;[39m [37mGET[39m [37m/wd/hub/status[39m
[38;5;0m[HTTP][0m [90m{}[39m
[debug] [38;5;0m[HTTP][0m No route found for /wd/hub/status
[38;5;0m[HTTP][0m [37m&amp;lt;-- GET /wd/hub/status [39m[33m404[39m [90m1 ms - 211[39m
[38;5;0m[HTTP][0m [90m[39m
[38;5;0m[HTTP][0m [37m--&amp;gt;[39m [37mGET[39m [37m/wd/hub/status[39m
[38;5;0m[HTTP][0m [90m{}[39m
[debug] [38;5;0m[HTTP][0m No route found for /wd/hub/status
[38;5;0m[HTTP][0m [37m&amp;lt;-- GET /wd/hub/status [39m[33m404[39m [90m1 ms - 211[39m
[38;5;0m[HTTP][0m [90m[39m
[38;5;0m[HTTP][0m [37m--&amp;gt;[39m [37mGET[39m [37m/wd/hub/status[39m
[38;5;0m[HTTP][0m [90m{}[39m
[debug] [38;5;0m[HTTP][0m No route found for /wd/hub/status
[38;5;0m[HTTP][0m [37m&amp;lt;-- GET /wd/hub/status [39m[33m404[39m [90m1 ms - 211[39m
[38;5;0m[HTTP][0m [90m[39m
[38;5;0m[HTTP][0m [37m--&amp;gt;[39m [37mGET[39m [37m/wd/hub/status[39m
[38;5;0m[HTTP][0m [90m{}[39m
[debug] [38;5;0m[HTTP][0m No route found for /wd/hub/status
[38;5;0m[HTTP][0m [37m&amp;lt;-- GET /wd/hub/status [39m[33m404[39m [90m1 ms - 211[39m
[38;5;0m[HTTP][0m [90m[39m
[38;5;0m[HTTP][0m [37m--&amp;gt;[39m [37mGET[39m [37m/wd/hub/status[39m
[38;5;0m[HTTP][0m [90m{}[39m
[debug] [38;5;0m[HTTP][0m No route found for /wd/hub/status
[38;5;0m[HTTP][0m [37m&amp;lt;-- GET /wd/hub/status [39m[33m404[39m [90m1 ms - 211[39m
[38;5;0m[HTTP][0m [90m[39m
[38;5;0m[HTTP][0m [37m--&amp;gt;[39m [37mGET[39m [37m/wd/hub/status[39m
[38;5;0m[HTTP][0m [90m{}[39m
[debug] [38;5;0m[HTTP][0m No route found for /wd/hub/status
[38;5;0m[HTTP][0m [37m&amp;lt;-- GET /wd/hub/status [39m[33m404[39m [90m1 ms - 211[39m
[38;5;0m[HTTP][0m [90m[39m
[38;5;0m[HTTP][0m [37m--&amp;gt;[39m [37mGET[39m [37m/wd/hub/status[39m
[38;5;0m[HTTP][0m [90m{}[39m
[debug] [38;5;0m[HTTP][0m No route found for /wd/hub/status
[38;5;0m[HTTP][0m [37m&amp;lt;-- GET /wd/hub/status [39m[33m404[39m [90m1 ms - 211[39m
[38;5;0m[HTTP][0m [90m[39m
[38;5;0m[HTTP][0m [37m--&amp;gt;[39m [37mGET[39m [37m/wd/hub/status[39m
[38;5;0m[HTTP][0m [90m{}[39m
[debug] [38;5;0m[HTTP][0m No route found for /wd/hub/status
[38;5;0m[HTTP][0m [37m&amp;lt;-- GET /wd/hub/status [39m[33m404[39m [90m1 ms - 211[39m
[38;5;0m[HTTP][0m [90m[39m
[38;5;0m[HTTP][0m [37m--&amp;gt;[39m [37mGET[39m [37m/wd/hub/status[39m
[38;5;0m[HTTP][0m [90m{}[39m
[debug] [38;5;0m[HTTP][0m No route found for /wd/hub/status
[38;5;0m[HTTP][0m [37m&amp;lt;-- GET /wd/hub/status [39m[33m404[39m [90m1 ms - 211[39m
[38;5;0m[HTTP][0m [90m[39m
[38;5;0m[HTTP][0m [37m--&amp;gt;[39m [37mGET[39m [37m/wd/hub/status[39m
[38;5;0m[HTTP][0m [90m{}[39m
[debug] [38;5;0m[HTTP][0m No route found for /wd/hub/status
[38;5;0m[HTTP][0m [37m&amp;lt;-- GET /wd/hub/status [39m[33m404[39m [90m2 ms - 211[39m
[38;5;0m[HTTP][0m [90m[39m
[38;5;0m[HTTP][0m [37m--&amp;gt;[39m [37mGET[39m [37m/wd/hub/status[39m
[38;5;0m[HTTP][0m [90m{}[39m
[debug] [38;5;0m[HTTP][0m No route found for /wd/hub/status
[38;5;0m[HTTP][0m [37m&amp;lt;-- GET /wd/hub/status [39m[33m404[39m [90m1 ms - 211[39m
[38;5;0m[HTTP][0m [90m[39m
[38;5;0m[HTTP][0m [37m--&amp;gt;[39m [37mGET[39m [37m/wd/hub/status[39m
[38;5;0m[HTTP][0m [90m{}[39m
[debug] [38;5;0m[HTTP][0m No route found for /wd/hub/status
[38;5;0m[HTTP][0m [37m&amp;lt;-- GET /wd/hub/status [39m[33m404[39m [90m1 ms - 211[39m
[38;5;0m[HTTP][0m [90m[39m
[38;5;0m[HTTP][0m [37m--&amp;gt;[39m [37mGET[39m [37m/wd/hub/status[39m
[38;5;0m[HTTP][0m [90m{}[39m
[debug] [38;5;0m[HTTP][0m No route found for /wd/hub/status
[38;5;0m[HTTP][0m [37m&amp;lt;-- GET /wd/hub/status [39m[33m404[39m [90m1 ms - 211[39m
[38;5;0m[HTTP][0m [90m[39m
[38;5;0m[HTTP][0m [37m--&amp;gt;[39m [37mGET[39m [37m/wd/hub/status[39m
[38;5;0m[HTTP][0m [90m{}[39m
[debug] [38;5;0m[HTTP][0m No route found for /wd/hub/status
[38;5;0m[HTTP][0m [37m&amp;lt;-- GET /wd/hub/status [39m[33m404[39m [90m2 ms - 211[39m
[38;5;0m[HTTP][0m [90m[39m
[38;5;0m[HTTP][0m [37m--&amp;gt;[39m [37mGET[39m [37m/wd/hub/status[39m
[38;5;0m[HTTP][0m [90m{}[39m
[debug] [38;5;0m[HTTP][0m No route found for /wd/hub/status
[38;5;0m[HTTP][0m [37m&amp;lt;-- GET /wd/hub/status [39m[33m404[39m [90m1 ms - 211[39m
[38;5;0m[HTTP][0m [90m[39m
[38;5;0m[HTTP][0m [37m--&amp;gt;[39m [37mGET[39m [37m/wd/hub/status[39m
[38;5;0m[HTTP][0m [90m{}[39m
[debug] [38;5;0m[HTTP][0m No route found for /wd/hub/status
[38;5;0m[HTTP][0m [37m&amp;lt;-- GET /wd/hub/status [39m[33m404[39m [90m1 ms - 211[39m
[38;5;0m[HTTP][0m [90m[39m
[38;5;0m[HTTP][0m [37m--&amp;gt;[39m [37mGET[39m [37m/wd/hub/status[39m
[38;5;0m[HTTP][0m [90m{}[39m
[debug] [38;5;0m[HTTP][0m No route found for /wd/hub/status
[38;5;0m[HTTP][0m [37m&amp;lt;-- GET /wd/hub/status [39m[33m404[39m [90m1 ms - 211[39m
[38;5;0m[HTTP][0m [90m[39m
[38;5;0m[HTTP][0m [37m--&amp;gt;[39m [37mGET[39m [37m/wd/hub/status[39m
[38;5;0m[HTTP][0m [90m{}[39m
[debug] [38;5;0m[HTTP][0m No route found for /wd/hub/status
[38;5;0m[HTTP][0m [37m&amp;lt;-- GET /wd/hub/status [39m[33m404[39m [90m1 ms - 211[39m
[38;5;0m[HTTP][0m [90m[39m
[38;5;0m[HTTP][0m [37m--&amp;gt;[39m [37mGET[39m [37m/wd/hub/status[39m
[38;5;0m[HTTP][0m [90m{}[39m
[debug] [38;5;0m[HTTP][0m No route found for /wd/hub/status
[38;5;0m[HTTP][0m [37m&amp;lt;-- GET /wd/hub/status [39m[33m404[39m [90m1 ms - 211[39m
[38;5;0m[HTTP][0m [90m[39m
[38;5;0m[HTTP][0m [37m--&amp;gt;[39m [37mGET[39m [37m/wd/hub/status[39m
[38;5;0m[HTTP][0m [90m{}[39m
[debug] [38;5;0m[HTTP][0m No route found for /wd/hub/status
[38;5;0m[HTTP][0m [37m&amp;lt;-- GET /wd/hub/status [39m[33m404[39m [90m1 ms - 211[39m
[38;5;0m[HTTP][0m [90m[39m
[38;5;0m[HTTP][0m [37m--&amp;gt;[39m [37mGET[39m [37m/wd/hub/status[39m
[38;5;0m[HTTP][0m [90m{}[39m
[debug] [38;5;0m[HTTP][0m No route found for /wd/hub/status
[38;5;0m[HTTP][0m [37m&amp;lt;-- GET /wd/hub/status [39m[33m404[39m [90m1 ms - 211[39m
[38;5;0m[HTTP][0m [90m[39m
[38;5;0m[HTTP][0m [37m--&amp;gt;[39m [37mGET[39m [37m/wd/hub/status[39m
[38;5;0m[HTTP][0m [90m{}[39m
[debug] [38;5;0m[HTTP][0m No route found for /wd/hub/status
[38;5;0m[HTTP][0m [37m&amp;lt;-- GET /wd/hub/status [39m[33m404[39m [90m1 ms - 211[39m
[38;5;0m[HTTP][0m [90m[39m
[38;5;0m[HTTP][0m [37m--&amp;gt;[39m [37mGET[39m [37m/wd/hub/status[39m
[38;5;0m[HTTP][0m [90m{}[39m
[debug] [38;5;0m[HTTP][0m No route found for /wd/hub/status
[38;5;0m[HTTP][0m [37m&amp;lt;-- GET /wd/hub/status [39m[33m404[39m [90m1 ms - 211[39m
[38;5;0m[HTTP][0m [90m[39m
[38;5;0m[HTTP][0m [37m--&amp;gt;[39m [37mGET[39m [37m/wd/hub/status[39m
[38;5;0m[HTTP][0m [90m{}[39m
[debug] [38;5;0m[HTTP][0m No route found for /wd/hub/status
[38;5;0m[HTTP][0m [37m&amp;lt;-- GET /wd/hub/status [39m[33m404[39m [90m1 ms - 211[39m
[38;5;0m[HTTP][0m [90m[39m
[38;5;0m[HTTP][0m [37m--&amp;gt;[39m [37mGET[39m [37m/wd/hub/status[39m
[38;5;0m[HTTP][0m [90m{}[39m
[debug] [38;5;0m[HTTP][0m No route found for /wd/hub/status
[38;5;0m[HTTP][0m [37m&amp;lt;-- GET /wd/hub/status [39m[33m404[39m [90m1 ms - 211[39m
[38;5;0m[HTTP][0m [90m[39m
[38;5;0m[HTTP][0m [37m--&amp;gt;[39m [37mGET[39m [37m/wd/hub/status[39m
[38;5;0m[HTTP][0m [90m{}[39m
[debug] [38;5;0m[HTTP][0m No route found for /wd/hub/status
[38;5;0m[HTTP][0m [37m&amp;lt;-- GET /wd/hub/status [39m[33m404[39m [90m2 ms - 211[39m
[38;5;0m[HTTP][0m [90m[39m
[38;5;0m[HTTP][0m [37m--&amp;gt;[39m [37mGET[39m [37m/wd/hub/status[39m
[38;5;0m[HTTP][0m [90m{}[39m
[debug] [38;5;0m[HTTP][0m No route found for /wd/hub/status
[38;5;0m[HTTP][0m [37m&amp;lt;-- GET /wd/hub/status [39m[33m404[39m [90m1 ms - 211[39m
[38;5;0m[HTTP][0m [90m[39m
[38;5;0m[HTTP][0m [37m--&amp;gt;[39m [37mGET[39m [37m/wd/hub/status[39m
[38;5;0m[HTTP][0m [90m{}[39m
[debug] [38;5;0m[HTTP][0m No route found for /wd/hub/status
[38;5;0m[HTTP][0m [37m&amp;lt;-- GET /wd/hub/status [39m[33m404[39m [90m1 ms - 211[39m
[38;5;0m[HTTP][0m [90m[39m
[38;5;0m[HTTP][0m [37m--&amp;gt;[39m [37mGET[39m [37m/wd/hub/status[39m
[38;5;0m[HTTP][0m [90m{}[39m
[debug] [38;5;0m[HTTP][0m No route found for /wd/hub/status
[38;5;0m[HTTP][0m [37m&amp;lt;-- GET /wd/hub/status [39m[33m404[39m [90m1 ms - 211[39m
[38;5;0m[HTTP][0m [90m[39m
[38;5;0m[HTTP][0m [37m--&amp;gt;[39m [37mGET[39m [37m/wd/hub/status[39m
[38;5;0m[HTTP][0m [90m{}[39m
[debug] [38;5;0m[HTTP][0m No route found for /wd/hub/status
[38;5;0m[HTTP][0m [37m&amp;lt;-- GET /wd/hub/status [39m[33m404[39m [90m1 ms - 211[39m
[38;5;0m[HTTP][0m [90m[39m

">
      <![CDATA[io.appium.java_client.service.local.AppiumServerHasNotBeenStartedLocallyException: The local appium server has not been started. The given Node.js executable: C:\Program Files\nodejs\node.exe Arguments: [C:\Users\harsh\AppData\Roaming\npm\node_modules\appium\build\lib\main.js, --port, 4723, --address, 0.0.0.0] 
Process output: m404[39m [90m1 ms - 211[39m
[38;5;0m[HTTP][0m [90m[39m
[38;5;0m[HTTP][0m [37m-->[39m [37mGET[39m [37m/wd/hub/status[39m
[38;5;0m[HTTP][0m [90m{}[39m
[debug] [38;5;0m[HTTP][0m No route found for /wd/hub/status
[38;5;0m[HTTP][0m [37m<-- GET /wd/hub/status [39m[33m404[39m [90m1 ms - 211[39m
[38;5;0m[HTTP][0m [90m[39m
[38;5;0m[HTTP][0m [37m-->[39m [37mGET[39m [37m/wd/hub/status[39m
[38;5;0m[HTTP][0m [90m{}[39m
[debug] [38;5;0m[HTTP][0m No route found for /wd/hub/status
[38;5;0m[HTTP][0m [37m<-- GET /wd/hub/status [39m[33m404[39m [90m1 ms - 211[39m
[38;5;0m[HTTP][0m [90m[39m
[38;5;0m[HTTP][0m [37m-->[39m [37mGET[39m [37m/wd/hub/status[39m
[38;5;0m[HTTP][0m [90m{}[39m
[debug] [38;5;0m[HTTP][0m No route found for /wd/hub/status
[38;5;0m[HTTP][0m [37m<-- GET /wd/hub/status [39m[33m404[39m [90m2 ms - 211[39m
[38;5;0m[HTTP][0m [90m[39m
[38;5;0m[HTTP][0m [37m-->[39m [37mGET[39m [37m/wd/hub/status[39m
[38;5;0m[HTTP][0m [90m{}[39m
[debug] [38;5;0m[HTTP][0m No route found for /wd/hub/status
[38;5;0m[HTTP][0m [37m<-- GET /wd/hub/status [39m[33m404[39m [90m1 ms - 211[39m
[38;5;0m[HTTP][0m [90m[39m
[38;5;0m[HTTP][0m [37m-->[39m [37mGET[39m [37m/wd/hub/status[39m
[38;5;0m[HTTP][0m [90m{}[39m
[debug] [38;5;0m[HTTP][0m No route found for /wd/hub/status
[38;5;0m[HTTP][0m [37m<-- GET /wd/hub/status [39m[33m404[39m [90m1 ms - 211[39m
[38;5;0m[HTTP][0m [90m[39m
[38;5;0m[HTTP][0m [37m-->[39m [37mGET[39m [37m/wd/hub/status[39m
[38;5;0m[HTTP][0m [90m{}[39m
[debug] [38;5;0m[HTTP][0m No route found for /wd/hub/status
[38;5;0m[HTTP][0m [37m<-- GET /wd/hub/status [39m[33m404[39m [90m1 ms - 211[39m
[38;5;0m[HTTP][0m [90m[39m
[38;5;0m[HTTP][0m [37m-->[39m [37mGET[39m [37m/wd/hub/status[39m
[38;5;0m[HTTP][0m [90m{}[39m
[debug] [38;5;0m[HTTP][0m No route found for /wd/hub/status
[38;5;0m[HTTP][0m [37m<-- GET /wd/hub/status [39m[33m404[39m [90m1 ms - 211[39m
[38;5;0m[HTTP][0m [90m[39m
[38;5;0m[HTTP][0m [37m-->[39m [37mGET[39m [37m/wd/hub/status[39m
[38;5;0m[HTTP][0m [90m{}[39m
[debug] [38;5;0m[HTTP][0m No route found for /wd/hub/status
[38;5;0m[HTTP][0m [37m<-- GET /wd/hub/status [39m[33m404[39m [90m1 ms - 211[39m
[38;5;0m[HTTP][0m [90m[39m
[38;5;0m[HTTP][0m [37m-->[39m [37mGET[39m [37m/wd/hub/status[39m
[38;5;0m[HTTP][0m [90m{}[39m
[debug] [38;5;0m[HTTP][0m No route found for /wd/hub/status
[38;5;0m[HTTP][0m [37m<-- GET /wd/hub/status [39m[33m404[39m [90m1 ms - 211[39m
[38;5;0m[HTTP][0m [90m[39m
[38;5;0m[HTTP][0m [37m-->[39m [37mGET[39m [37m/wd/hub/status[39m
[38;5;0m[HTTP][0m [90m{}[39m
[debug] [38;5;0m[HTTP][0m No route found for /wd/hub/status
[38;5;0m[HTTP][0m [37m<-- GET /wd/hub/status [39m[33m404[39m [90m1 ms - 211[39m
[38;5;0m[HTTP][0m [90m[39m
[38;5;0m[HTTP][0m [37m-->[39m [37mGET[39m [37m/wd/hub/status[39m
[38;5;0m[HTTP][0m [90m{}[39m
[debug] [38;5;0m[HTTP][0m No route found for /wd/hub/status
[38;5;0m[HTTP][0m [37m<-- GET /wd/hub/status [39m[33m404[39m [90m1 ms - 211[39m
[38;5;0m[HTTP][0m [90m[39m
[38;5;0m[HTTP][0m [37m-->[39m [37mGET[39m [37m/wd/hub/status[39m
[38;5;0m[HTTP][0m [90m{}[39m
[debug] [38;5;0m[HTTP][0m No route found for /wd/hub/status
[38;5;0m[HTTP][0m [37m<-- GET /wd/hub/status [39m[33m404[39m [90m2 ms - 211[39m
[38;5;0m[HTTP][0m [90m[39m
[38;5;0m[HTTP][0m [37m-->[39m [37mGET[39m [37m/wd/hub/status[39m
[38;5;0m[HTTP][0m [90m{}[39m
[debug] [38;5;0m[HTTP][0m No route found for /wd/hub/status
[38;5;0m[HTTP][0m [37m<-- GET /wd/hub/status [39m[33m404[39m [90m1 ms - 211[39m
[38;5;0m[HTTP][0m [90m[39m
[38;5;0m[HTTP][0m [37m-->[39m [37mGET[39m [37m/wd/hub/status[39m
[38;5;0m[HTTP][0m [90m{}[39m
[debug] [38;5;0m[HTTP][0m No route found for /wd/hub/status
[38;5;0m[HTTP][0m [37m<-- GET /wd/hub/status [39m[33m404[39m [90m1 ms - 211[39m
[38;5;0m[HTTP][0m [90m[39m
[38;5;0m[HTTP][0m [37m-->[39m [37mGET[39m [37m/wd/hub/status[39m
[38;5;0m[HTTP][0m [90m{}[39m
[debug] [38;5;0m[HTTP][0m No route found for /wd/hub/status
[38;5;0m[HTTP][0m [37m<-- GET /wd/hub/status [39m[33m404[39m [90m1 ms - 211[39m
[38;5;0m[HTTP][0m [90m[39m
[38;5;0m[HTTP][0m [37m-->[39m [37mGET[39m [37m/wd/hub/status[39m
[38;5;0m[HTTP][0m [90m{}[39m
[debug] [38;5;0m[HTTP][0m No route found for /wd/hub/status
[38;5;0m[HTTP][0m [37m<-- GET /wd/hub/status [39m[33m404[39m [90m1 ms - 211[39m
[38;5;0m[HTTP][0m [90m[39m
[38;5;0m[HTTP][0m [37m-->[39m [37mGET[39m [37m/wd/hub/status[39m
[38;5;0m[HTTP][0m [90m{}[39m
[debug] [38;5;0m[HTTP][0m No route found for /wd/hub/status
[38;5;0m[HTTP][0m [37m<-- GET /wd/hub/status [39m[33m404[39m [90m1 ms - 211[39m
[38;5;0m[HTTP][0m [90m[39m
[38;5;0m[HTTP][0m [37m-->[39m [37mGET[39m [37m/wd/hub/status[39m
[38;5;0m[HTTP][0m [90m{}[39m
[debug] [38;5;0m[HTTP][0m No route found for /wd/hub/status
[38;5;0m[HTTP][0m [37m<-- GET /wd/hub/status [39m[33m404[39m [90m1 ms - 211[39m
[38;5;0m[HTTP][0m [90m[39m
[38;5;0m[HTTP][0m [37m-->[39m [37mGET[39m [37m/wd/hub/status[39m
[38;5;0m[HTTP][0m [90m{}[39m
[debug] [38;5;0m[HTTP][0m No route found for /wd/hub/status
[38;5;0m[HTTP][0m [37m<-- GET /wd/hub/status [39m[33m404[39m [90m1 ms - 211[39m
[38;5;0m[HTTP][0m [90m[39m
[38;5;0m[HTTP][0m [37m-->[39m [37mGET[39m [37m/wd/hub/status[39m
[38;5;0m[HTTP][0m [90m{}[39m
[debug] [38;5;0m[HTTP][0m No route found for /wd/hub/status
[38;5;0m[HTTP][0m [37m<-- GET /wd/hub/status [39m[33m404[39m [90m1 ms - 211[39m
[38;5;0m[HTTP][0m [90m[39m
[38;5;0m[HTTP][0m [37m-->[39m [37mGET[39m [37m/wd/hub/status[39m
[38;5;0m[HTTP][0m [90m{}[39m
[debug] [38;5;0m[HTTP][0m No route found for /wd/hub/status
[38;5;0m[HTTP][0m [37m<-- GET /wd/hub/status [39m[33m404[39m [90m1 ms - 211[39m
[38;5;0m[HTTP][0m [90m[39m
[38;5;0m[HTTP][0m [37m-->[39m [37mGET[39m [37m/wd/hub/status[39m
[38;5;0m[HTTP][0m [90m{}[39m
[debug] [38;5;0m[HTTP][0m No route found for /wd/hub/status
[38;5;0m[HTTP][0m [37m<-- GET /wd/hub/status [39m[33m404[39m [90m1 ms - 211[39m
[38;5;0m[HTTP][0m [90m[39m
[38;5;0m[HTTP][0m [37m-->[39m [37mGET[39m [37m/wd/hub/status[39m
[38;5;0m[HTTP][0m [90m{}[39m
[debug] [38;5;0m[HTTP][0m No route found for /wd/hub/status
[38;5;0m[HTTP][0m [37m<-- GET /wd/hub/status [39m[33m404[39m [90m1 ms - 211[39m
[38;5;0m[HTTP][0m [90m[39m
[38;5;0m[HTTP][0m [37m-->[39m [37mGET[39m [37m/wd/hub/status[39m
[38;5;0m[HTTP][0m [90m{}[39m
[debug] [38;5;0m[HTTP][0m No route found for /wd/hub/status
[38;5;0m[HTTP][0m [37m<-- GET /wd/hub/status [39m[33m404[39m [90m1 ms - 211[39m
[38;5;0m[HTTP][0m [90m[39m
[38;5;0m[HTTP][0m [37m-->[39m [37mGET[39m [37m/wd/hub/status[39m
[38;5;0m[HTTP][0m [90m{}[39m
[debug] [38;5;0m[HTTP][0m No route found for /wd/hub/status
[38;5;0m[HTTP][0m [37m<-- GET /wd/hub/status [39m[33m404[39m [90m1 ms - 211[39m
[38;5;0m[HTTP][0m [90m[39m
[38;5;0m[HTTP][0m [37m-->[39m [37mGET[39m [37m/wd/hub/status[39m
[38;5;0m[HTTP][0m [90m{}[39m
[debug] [38;5;0m[HTTP][0m No route found for /wd/hub/status
[38;5;0m[HTTP][0m [37m<-- GET /wd/hub/status [39m[33m404[39m [90m1 ms - 211[39m
[38;5;0m[HTTP][0m [90m[39m
[38;5;0m[HTTP][0m [37m-->[39m [37mGET[39m [37m/wd/hub/status[39m
[38;5;0m[HTTP][0m [90m{}[39m
[debug] [38;5;0m[HTTP][0m No route found for /wd/hub/status
[38;5;0m[HTTP][0m [37m<-- GET /wd/hub/status [39m[33m404[39m [90m1 ms - 211[39m
[38;5;0m[HTTP][0m [90m[39m
[38;5;0m[HTTP][0m [37m-->[39m [37mGET[39m [37m/wd/hub/status[39m
[38;5;0m[HTTP][0m [90m{}[39m
[debug] [38;5;0m[HTTP][0m No route found for /wd/hub/status
[38;5;0m[HTTP][0m [37m<-- GET /wd/hub/status [39m[33m404[39m [90m1 ms - 211[39m
[38;5;0m[HTTP][0m [90m[39m
[38;5;0m[HTTP][0m [37m-->[39m [37mGET[39m [37m/wd/hub/status[39m
[38;5;0m[HTTP][0m [90m{}[39m
[debug] [38;5;0m[HTTP][0m No route found for /wd/hub/status
[38;5;0m[HTTP][0m [37m<-- GET /wd/hub/status [39m[33m404[39m [90m2 ms - 211[39m
[38;5;0m[HTTP][0m [90m[39m
[38;5;0m[HTTP][0m [37m-->[39m [37mGET[39m [37m/wd/hub/status[39m
[38;5;0m[HTTP][0m [90m{}[39m
[debug] [38;5;0m[HTTP][0m No route found for /wd/hub/status
[38;5;0m[HTTP][0m [37m<-- GET /wd/hub/status [39m[33m404[39m [90m1 ms - 211[39m
[38;5;0m[HTTP][0m [90m[39m
[38;5;0m[HTTP][0m [37m-->[39m [37mGET[39m [37m/wd/hub/status[39m
[38;5;0m[HTTP][0m [90m{}[39m
[debug] [38;5;0m[HTTP][0m No route found for /wd/hub/status
[38;5;0m[HTTP][0m [37m<-- GET /wd/hub/status [39m[33m404[39m [90m1 ms - 211[39m
[38;5;0m[HTTP][0m [90m[39m
[38;5;0m[HTTP][0m [37m-->[39m [37mGET[39m [37m/wd/hub/status[39m
[38;5;0m[HTTP][0m [90m{}[39m
[debug] [38;5;0m[HTTP][0m No route found for /wd/hub/status
[38;5;0m[HTTP][0m [37m<-- GET /wd/hub/status [39m[33m404[39m [90m1 ms - 211[39m
[38;5;0m[HTTP][0m [90m[39m
[38;5;0m[HTTP][0m [37m-->[39m [37mGET[39m [37m/wd/hub/status[39m
[38;5;0m[HTTP][0m [90m{}[39m
[debug] [38;5;0m[HTTP][0m No route found for /wd/hub/status
[38;5;0m[HTTP][0m [37m<-- GET /wd/hub/status [39m[33m404[39m [90m1 ms - 211[39m
[38;5;0m[HTTP][0m [90m[39m
[38;5;0m[HTTP][0m [37m-->[39m [37mGET[39m [37m/wd/hub/status[39m
[38;5;0m[HTTP][0m [90m{}[39m
[debug] [38;5;0m[HTTP][0m No route found for /wd/hub/status
[38;5;0m[HTTP][0m [37m<-- GET /wd/hub/status [39m[33m404[39m [90m1 ms - 211[39m
[38;5;0m[HTTP][0m [90m[39m
[38;5;0m[HTTP][0m [37m-->[39m [37mGET[39m [37m/wd/hub/status[39m
[38;5;0m[HTTP][0m [90m{}[39m
[debug] [38;5;0m[HTTP][0m No route found for /wd/hub/status
[38;5;0m[HTTP][0m [37m<-- GET /wd/hub/status [39m[33m404[39m [90m1 ms - 211[39m
[38;5;0m[HTTP][0m [90m[39m
[38;5;0m[HTTP][0m [37m-->[39m [37mGET[39m [37m/wd/hub/status[39m
[38;5;0m[HTTP][0m [90m{}[39m
[debug] [38;5;0m[HTTP][0m No route found for /wd/hub/status
[38;5;0m[HTTP][0m [37m<-- GET /wd/hub/status [39m[33m404[39m [90m1 ms - 211[39m
[38;5;0m[HTTP][0m [90m[39m
[38;5;0m[HTTP][0m [37m-->[39m [37mGET[39m [37m/wd/hub/status[39m
[38;5;0m[HTTP][0m [90m{}[39m
[debug] [38;5;0m[HTTP][0m No route found for /wd/hub/status
[38;5;0m[HTTP][0m [37m<-- GET /wd/hub/status [39m[33m404[39m [90m2 ms - 211[39m
[38;5;0m[HTTP][0m [90m[39m
[38;5;0m[HTTP][0m [37m-->[39m [37mGET[39m [37m/wd/hub/status[39m
[38;5;0m[HTTP][0m [90m{}[39m
[debug] [38;5;0m[HTTP][0m No route found for /wd/hub/status
[38;5;0m[HTTP][0m [37m<-- GET /wd/hub/status [39m[33m404[39m [90m1 ms - 211[39m
[38;5;0m[HTTP][0m [90m[39m
[38;5;0m[HTTP][0m [37m-->[39m [37mGET[39m [37m/wd/hub/status[39m
[38;5;0m[HTTP][0m [90m{}[39m
[debug] [38;5;0m[HTTP][0m No route found for /wd/hub/status
[38;5;0m[HTTP][0m [37m<-- GET /wd/hub/status [39m[33m404[39m [90m1 ms - 211[39m
[38;5;0m[HTTP][0m [90m[39m
[38;5;0m[HTTP][0m [37m-->[39m [37mGET[39m [37m/wd/hub/status[39m
[38;5;0m[HTTP][0m [90m{}[39m
[debug] [38;5;0m[HTTP][0m No route found for /wd/hub/status
[38;5;0m[HTTP][0m [37m<-- GET /wd/hub/status [39m[33m404[39m [90m1 ms - 211[39m
[38;5;0m[HTTP][0m [90m[39m
[38;5;0m[HTTP][0m [37m-->[39m [37mGET[39m [37m/wd/hub/status[39m
[38;5;0m[HTTP][0m [90m{}[39m
[debug] [38;5;0m[HTTP][0m No route found for /wd/hub/status
[38;5;0m[HTTP][0m [37m<-- GET /wd/hub/status [39m[33m404[39m [90m1 ms - 211[39m
[38;5;0m[HTTP][0m [90m[39m
[38;5;0m[HTTP][0m [37m-->[39m [37mGET[39m [37m/wd/hub/status[39m
[38;5;0m[HTTP][0m [90m{}[39m
[debug] [38;5;0m[HTTP][0m No route found for /wd/hub/status
[38;5;0m[HTTP][0m [37m<-- GET /wd/hub/status [39m[33m404[39m [90m1 ms - 211[39m
[38;5;0m[HTTP][0m [90m[39m
[38;5;0m[HTTP][0m [37m-->[39m [37mGET[39m [37m/wd/hub/status[39m
[38;5;0m[HTTP][0m [90m{}[39m
[debug] [38;5;0m[HTTP][0m No route found for /wd/hub/status
[38;5;0m[HTTP][0m [37m<-- GET /wd/hub/status [39m[33m404[39m [90m1 ms - 211[39m
[38;5;0m[HTTP][0m [90m[39m
[38;5;0m[HTTP][0m [37m-->[39m [37mGET[39m [37m/wd/hub/status[39m
[38;5;0m[HTTP][0m [90m{}[39m
[debug] [38;5;0m[HTTP][0m No route found for /wd/hub/status
[38;5;0m[HTTP][0m [37m<-- GET /wd/hub/status [39m[33m404[39m [90m1 ms - 211[39m
[38;5;0m[HTTP][0m [90m[39m
[38;5;0m[HTTP][0m [37m-->[39m [37mGET[39m [37m/wd/hub/status[39m
[38;5;0m[HTTP][0m [90m{}[39m
[debug] [38;5;0m[HTTP][0m No route found for /wd/hub/status
[38;5;0m[HTTP][0m [37m<-- GET /wd/hub/status [39m[33m404[39m [90m2 ms - 211[39m
[38;5;0m[HTTP][0m [90m[39m
[38;5;0m[HTTP][0m [37m-->[39m [37mGET[39m [37m/wd/hub/status[39m
[38;5;0m[HTTP][0m [90m{}[39m
[debug] [38;5;0m[HTTP][0m No route found for /wd/hub/status
[38;5;0m[HTTP][0m [37m<-- GET /wd/hub/status [39m[33m404[39m [90m1 ms - 211[39m
[38;5;0m[HTTP][0m [90m[39m
[38;5;0m[HTTP][0m [37m-->[39m [37mGET[39m [37m/wd/hub/status[39m
[38;5;0m[HTTP][0m [90m{}[39m
[debug] [38;5;0m[HTTP][0m No route found for /wd/hub/status
[38;5;0m[HTTP][0m [37m<-- GET /wd/hub/status [39m[33m404[39m [90m1 ms - 211[39m
[38;5;0m[HTTP][0m [90m[39m
[38;5;0m[HTTP][0m [37m-->[39m [37mGET[39m [37m/wd/hub/status[39m
[38;5;0m[HTTP][0m [90m{}[39m
[debug] [38;5;0m[HTTP][0m No route found for /wd/hub/status
[38;5;0m[HTTP][0m [37m<-- GET /wd/hub/status [39m[33m404[39m [90m1 ms - 211[39m
[38;5;0m[HTTP][0m [90m[39m
[38;5;0m[HTTP][0m [37m-->[39m [37mGET[39m [37m/wd/hub/status[39m
[38;5;0m[HTTP][0m [90m{}[39m
[debug] [38;5;0m[HTTP][0m No route found for /wd/hub/status
[38;5;0m[HTTP][0m [37m<-- GET /wd/hub/status [39m[33m404[39m [90m1 ms - 211[39m
[38;5;0m[HTTP][0m [90m[39m
[38;5;0m[HTTP][0m [37m-->[39m [37mGET[39m [37m/wd/hub/status[39m
[38;5;0m[HTTP][0m [90m{}[39m
[debug] [38;5;0m[HTTP][0m No route found for /wd/hub/status
[38;5;0m[HTTP][0m [37m<-- GET /wd/hub/status [39m[33m404[39m [90m2 ms - 211[39m
[38;5;0m[HTTP][0m [90m[39m
[38;5;0m[HTTP][0m [37m-->[39m [37mGET[39m [37m/wd/hub/status[39m
[38;5;0m[HTTP][0m [90m{}[39m
[debug] [38;5;0m[HTTP][0m No route found for /wd/hub/status
[38;5;0m[HTTP][0m [37m<-- GET /wd/hub/status [39m[33m404[39m [90m1 ms - 211[39m
[38;5;0m[HTTP][0m [90m[39m
[38;5;0m[HTTP][0m [37m-->[39m [37mGET[39m [37m/wd/hub/status[39m
[38;5;0m[HTTP][0m [90m{}[39m
[debug] [38;5;0m[HTTP][0m No route found for /wd/hub/status
[38;5;0m[HTTP][0m [37m<-- GET /wd/hub/status [39m[33m404[39m [90m1 ms - 211[39m
[38;5;0m[HTTP][0m [90m[39m
[38;5;0m[HTTP][0m [37m-->[39m [37mGET[39m [37m/wd/hub/status[39m
[38;5;0m[HTTP][0m [90m{}[39m
[debug] [38;5;0m[HTTP][0m No route found for /wd/hub/status
[38;5;0m[HTTP][0m [37m<-- GET /wd/hub/status [39m[33m404[39m [90m1 ms - 211[39m
[38;5;0m[HTTP][0m [90m[39m
[38;5;0m[HTTP][0m [37m-->[39m [37mGET[39m [37m/wd/hub/status[39m
[38;5;0m[HTTP][0m [90m{}[39m
[debug] [38;5;0m[HTTP][0m No route found for /wd/hub/status
[38;5;0m[HTTP][0m [37m<-- GET /wd/hub/status [39m[33m404[39m [90m2 ms - 211[39m
[38;5;0m[HTTP][0m [90m[39m
[38;5;0m[HTTP][0m [37m-->[39m [37mGET[39m [37m/wd/hub/status[39m
[38;5;0m[HTTP][0m [90m{}[39m
[debug] [38;5;0m[HTTP][0m No route found for /wd/hub/status
[38;5;0m[HTTP][0m [37m<-- GET /wd/hub/status [39m[33m404[39m [90m1 ms - 211[39m
[38;5;0m[HTTP][0m [90m[39m
[38;5;0m[HTTP][0m [37m-->[39m [37mGET[39m [37m/wd/hub/status[39m
[38;5;0m[HTTP][0m [90m{}[39m
[debug] [38;5;0m[HTTP][0m No route found for /wd/hub/status
[38;5;0m[HTTP][0m [37m<-- GET /wd/hub/status [39m[33m404[39m [90m1 ms - 211[39m
[38;5;0m[HTTP][0m [90m[39m
[38;5;0m[HTTP][0m [37m-->[39m [37mGET[39m [37m/wd/hub/status[39m
[38;5;0m[HTTP][0m [90m{}[39m
[debug] [38;5;0m[HTTP][0m No route found for /wd/hub/status
[38;5;0m[HTTP][0m [37m<-- GET /wd/hub/status [39m[33m404[39m [90m1 ms - 211[39m
[38;5;0m[HTTP][0m [90m[39m
[38;5;0m[HTTP][0m [37m-->[39m [37mGET[39m [37m/wd/hub/status[39m
[38;5;0m[HTTP][0m [90m{}[39m
[debug] [38;5;0m[HTTP][0m No route found for /wd/hub/status
[38;5;0m[HTTP][0m [37m<-- GET /wd/hub/status [39m[33m404[39m [90m1 ms - 211[39m
[38;5;0m[HTTP][0m [90m[39m
[38;5;0m[HTTP][0m [37m-->[39m [37mGET[39m [37m/wd/hub/status[39m
[38;5;0m[HTTP][0m [90m{}[39m
[debug] [38;5;0m[HTTP][0m No route found for /wd/hub/status
[38;5;0m[HTTP][0m [37m<-- GET /wd/hub/status [39m[33m404[39m [90m1 ms - 211[39m
[38;5;0m[HTTP][0m [90m[39m
[38;5;0m[HTTP][0m [37m-->[39m [37mGET[39m [37m/wd/hub/status[39m
[38;5;0m[HTTP][0m [90m{}[39m
[debug] [38;5;0m[HTTP][0m No route found for /wd/hub/status
[38;5;0m[HTTP][0m [37m<-- GET /wd/hub/status [39m[33m404[39m [90m1 ms - 211[39m
[38;5;0m[HTTP][0m [90m[39m
[38;5;0m[HTTP][0m [37m-->[39m [37mGET[39m [37m/wd/hub/status[39m
[38;5;0m[HTTP][0m [90m{}[39m
[debug] [38;5;0m[HTTP][0m No route found for /wd/hub/status
[38;5;0m[HTTP][0m [37m<-- GET /wd/hub/status [39m[33m404[39m [90m1 ms - 211[39m
[38;5;0m[HTTP][0m [90m[39m
[38;5;0m[HTTP][0m [37m-->[39m [37mGET[39m [37m/wd/hub/status[39m
[38;5;0m[HTTP][0m [90m{}[39m
[debug] [38;5;0m[HTTP][0m No route found for /wd/hub/status
[38;5;0m[HTTP][0m [37m<-- GET /wd/hub/status [39m[33m404[39m [90m1 ms - 211[39m
[38;5;0m[HTTP][0m [90m[39m
[38;5;0m[HTTP][0m [37m-->[39m [37mGET[39m [37m/wd/hub/status[39m
[38;5;0m[HTTP][0m [90m{}[39m
[debug] [38;5;0m[HTTP][0m No route found for /wd/hub/status
[38;5;0m[HTTP][0m [37m<-- GET /wd/hub/status [39m[33m404[39m [90m1 ms - 211[39m
[38;5;0m[HTTP][0m [90m[39m
[38;5;0m[HTTP][0m [37m-->[39m [37mGET[39m [37m/wd/hub/status[39m
[38;5;0m[HTTP][0m [90m{}[39m
[debug] [38;5;0m[HTTP][0m No route found for /wd/hub/status
[38;5;0m[HTTP][0m [37m<-- GET /wd/hub/status [39m[33m404[39m [90m1 ms - 211[39m
[38;5;0m[HTTP][0m [90m[39m
[38;5;0m[HTTP][0m [37m-->[39m [37mGET[39m [37m/wd/hub/status[39m
[38;5;0m[HTTP][0m [90m{}[39m
[debug] [38;5;0m[HTTP][0m No route found for /wd/hub/status
[38;5;0m[HTTP][0m [37m<-- GET /wd/hub/status [39m[33m404[39m [90m1 ms - 211[39m
[38;5;0m[HTTP][0m [90m[39m
[38;5;0m[HTTP][0m [37m-->[39m [37mGET[39m [37m/wd/hub/status[39m
[38;5;0m[HTTP][0m [90m{}[39m
[debug] [38;5;0m[HTTP][0m No route found for /wd/hub/status
[38;5;0m[HTTP][0m [37m<-- GET /wd/hub/status [39m[33m404[39m [90m1 ms - 211[39m
[38;5;0m[HTTP][0m [90m[39m
[38;5;0m[HTTP][0m [37m-->[39m [37mGET[39m [37m/wd/hub/status[39m
[38;5;0m[HTTP][0m [90m{}[39m
[debug] [38;5;0m[HTTP][0m No route found for /wd/hub/status
[38;5;0m[HTTP][0m [37m<-- GET /wd/hub/status [39m[33m404[39m [90m1 ms - 211[39m
[38;5;0m[HTTP][0m [90m[39m
[38;5;0m[HTTP][0m [37m-->[39m [37mGET[39m [37m/wd/hub/status[39m
[38;5;0m[HTTP][0m [90m{}[39m
[debug] [38;5;0m[HTTP][0m No route found for /wd/hub/status
[38;5;0m[HTTP][0m [37m<-- GET /wd/hub/status [39m[33m404[39m [90m1 ms - 211[39m
[38;5;0m[HTTP][0m [90m[39m
[38;5;0m[HTTP][0m [37m-->[39m [37mGET[39m [37m/wd/hub/status[39m
[38;5;0m[HTTP][0m [90m{}[39m
[debug] [38;5;0m[HTTP][0m No route found for /wd/hub/status
[38;5;0m[HTTP][0m [37m<-- GET /wd/hub/status [39m[33m404[39m [90m1 ms - 211[39m
[38;5;0m[HTTP][0m [90m[39m
[38;5;0m[HTTP][0m [37m-->[39m [37mGET[39m [37m/wd/hub/status[39m
[38;5;0m[HTTP][0m [90m{}[39m
[debug] [38;5;0m[HTTP][0m No route found for /wd/hub/status
[38;5;0m[HTTP][0m [37m<-- GET /wd/hub/status [39m[33m404[39m [90m1 ms - 211[39m
[38;5;0m[HTTP][0m [90m[39m
[38;5;0m[HTTP][0m [37m-->[39m [37mGET[39m [37m/wd/hub/status[39m
[38;5;0m[HTTP][0m [90m{}[39m
[debug] [38;5;0m[HTTP][0m No route found for /wd/hub/status
[38;5;0m[HTTP][0m [37m<-- GET /wd/hub/status [39m[33m404[39m [90m1 ms - 211[39m
[38;5;0m[HTTP][0m [90m[39m
[38;5;0m[HTTP][0m [37m-->[39m [37mGET[39m [37m/wd/hub/status[39m
[38;5;0m[HTTP][0m [90m{}[39m
[debug] [38;5;0m[HTTP][0m No route found for /wd/hub/status
[38;5;0m[HTTP][0m [37m<-- GET /wd/hub/status [39m[33m404[39m [90m1 ms - 211[39m
[38;5;0m[HTTP][0m [90m[39m
[38;5;0m[HTTP][0m [37m-->[39m [37mGET[39m [37m/wd/hub/status[39m
[38;5;0m[HTTP][0m [90m{}[39m
[debug] [38;5;0m[HTTP][0m No route found for /wd/hub/status
[38;5;0m[HTTP][0m [37m<-- GET /wd/hub/status [39m[33m404[39m [90m1 ms - 211[39m
[38;5;0m[HTTP][0m [90m[39m
[38;5;0m[HTTP][0m [37m-->[39m [37mGET[39m [37m/wd/hub/status[39m
[38;5;0m[HTTP][0m [90m{}[39m
[debug] [38;5;0m[HTTP][0m No route found for /wd/hub/status
[38;5;0m[HTTP][0m [37m<-- GET /wd/hub/status [39m[33m404[39m [90m2 ms - 211[39m
[38;5;0m[HTTP][0m [90m[39m
[38;5;0m[HTTP][0m [37m-->[39m [37mGET[39m [37m/wd/hub/status[39m
[38;5;0m[HTTP][0m [90m{}[39m
[debug] [38;5;0m[HTTP][0m No route found for /wd/hub/status
[38;5;0m[HTTP][0m [37m<-- GET /wd/hub/status [39m[33m404[39m [90m1 ms - 211[39m
[38;5;0m[HTTP][0m [90m[39m
[38;5;0m[HTTP][0m [37m-->[39m [37mGET[39m [37m/wd/hub/status[39m
[38;5;0m[HTTP][0m [90m{}[39m
[debug] [38;5;0m[HTTP][0m No route found for /wd/hub/status
[38;5;0m[HTTP][0m [37m<-- GET /wd/hub/status [39m[33m404[39m [90m1 ms - 211[39m
[38;5;0m[HTTP][0m [90m[39m
[38;5;0m[HTTP][0m [37m-->[39m [37mGET[39m [37m/wd/hub/status[39m
[38;5;0m[HTTP][0m [90m{}[39m
[debug] [38;5;0m[HTTP][0m No route found for /wd/hub/status
[38;5;0m[HTTP][0m [37m<-- GET /wd/hub/status [39m[33m404[39m [90m1 ms - 211[39m
[38;5;0m[HTTP][0m [90m[39m
[38;5;0m[HTTP][0m [37m-->[39m [37mGET[39m [37m/wd/hub/status[39m
[38;5;0m[HTTP][0m [90m{}[39m
[debug] [38;5;0m[HTTP][0m No route found for /wd/hub/status
[38;5;0m[HTTP][0m [37m<-- GET /wd/hub/status [39m[33m404[39m [90m2 ms - 211[39m
[38;5;0m[HTTP][0m [90m[39m
[38;5;0m[HTTP][0m [37m-->[39m [37mGET[39m [37m/wd/hub/status[39m
[38;5;0m[HTTP][0m [90m{}[39m
[debug] [38;5;0m[HTTP][0m No route found for /wd/hub/status
[38;5;0m[HTTP][0m [37m<-- GET /wd/hub/status [39m[33m404[39m [90m1 ms - 211[39m
[38;5;0m[HTTP][0m [90m[39m
[38;5;0m[HTTP][0m [37m-->[39m [37mGET[39m [37m/wd/hub/status[39m
[38;5;0m[HTTP][0m [90m{}[39m
[debug] [38;5;0m[HTTP][0m No route found for /wd/hub/status
[38;5;0m[HTTP][0m [37m<-- GET /wd/hub/status [39m[33m404[39m [90m1 ms - 211[39m
[38;5;0m[HTTP][0m [90m[39m
[38;5;0m[HTTP][0m [37m-->[39m [37mGET[39m [37m/wd/hub/status[39m
[38;5;0m[HTTP][0m [90m{}[39m
[debug] [38;5;0m[HTTP][0m No route found for /wd/hub/status
[38;5;0m[HTTP][0m [37m<-- GET /wd/hub/status [39m[33m404[39m [90m1 ms - 211[39m
[38;5;0m[HTTP][0m [90m[39m
[38;5;0m[HTTP][0m [37m-->[39m [37mGET[39m [37m/wd/hub/status[39m
[38;5;0m[HTTP][0m [90m{}[39m
[debug] [38;5;0m[HTTP][0m No route found for /wd/hub/status
[38;5;0m[HTTP][0m [37m<-- GET /wd/hub/status [39m[33m404[39m [90m1 ms - 211[39m
[38;5;0m[HTTP][0m [90m[39m
[38;5;0m[HTTP][0m [37m-->[39m [37mGET[39m [37m/wd/hub/status[39m
[38;5;0m[HTTP][0m [90m{}[39m
[debug] [38;5;0m[HTTP][0m No route found for /wd/hub/status
[38;5;0m[HTTP][0m [37m<-- GET /wd/hub/status [39m[33m404[39m [90m1 ms - 211[39m
[38;5;0m[HTTP][0m [90m[39m
[38;5;0m[HTTP][0m [37m-->[39m [37mGET[39m [37m/wd/hub/status[39m
[38;5;0m[HTTP][0m [90m{}[39m
[debug] [38;5;0m[HTTP][0m No route found for /wd/hub/status
[38;5;0m[HTTP][0m [37m<-- GET /wd/hub/status [39m[33m404[39m [90m1 ms - 211[39m
[38;5;0m[HTTP][0m [90m[39m
[38;5;0m[HTTP][0m [37m-->[39m [37mGET[39m [37m/wd/hub/status[39m
[38;5;0m[HTTP][0m [90m{}[39m
[debug] [38;5;0m[HTTP][0m No route found for /wd/hub/status
[38;5;0m[HTTP][0m [37m<-- GET /wd/hub/status [39m[33m404[39m [90m1 ms - 211[39m
[38;5;0m[HTTP][0m [90m[39m
[38;5;0m[HTTP][0m [37m-->[39m [37mGET[39m [37m/wd/hub/status[39m
[38;5;0m[HTTP][0m [90m{}[39m
[debug] [38;5;0m[HTTP][0m No route found for /wd/hub/status
[38;5;0m[HTTP][0m [37m<-- GET /wd/hub/status [39m[33m404[39m [90m1 ms - 211[39m
[38;5;0m[HTTP][0m [90m[39m
[38;5;0m[HTTP][0m [37m-->[39m [37mGET[39m [37m/wd/hub/status[39m
[38;5;0m[HTTP][0m [90m{}[39m
[debug] [38;5;0m[HTTP][0m No route found for /wd/hub/status
[38;5;0m[HTTP][0m [37m<-- GET /wd/hub/status [39m[33m404[39m [90m1 ms - 211[39m
[38;5;0m[HTTP][0m [90m[39m
[38;5;0m[HTTP][0m [37m-->[39m [37mGET[39m [37m/wd/hub/status[39m
[38;5;0m[HTTP][0m [90m{}[39m
[debug] [38;5;0m[HTTP][0m No route found for /wd/hub/status
[38;5;0m[HTTP][0m [37m<-- GET /wd/hub/status [39m[33m404[39m [90m1 ms - 211[39m
[38;5;0m[HTTP][0m [90m[39m
[38;5;0m[HTTP][0m [37m-->[39m [37mGET[39m [37m/wd/hub/status[39m
[38;5;0m[HTTP][0m [90m{}[39m
[debug] [38;5;0m[HTTP][0m No route found for /wd/hub/status
[38;5;0m[HTTP][0m [37m<-- GET /wd/hub/status [39m[33m404[39m [90m1 ms - 211[39m
[38;5;0m[HTTP][0m [90m[39m
[38;5;0m[HTTP][0m [37m-->[39m [37mGET[39m [37m/wd/hub/status[39m
[38;5;0m[HTTP][0m [90m{}[39m
[debug] [38;5;0m[HTTP][0m No route found for /wd/hub/status
[38;5;0m[HTTP][0m [37m<-- GET /wd/hub/status [39m[33m404[39m [90m1 ms - 211[39m
[38;5;0m[HTTP][0m [90m[39m
[38;5;0m[HTTP][0m [37m-->[39m [37mGET[39m [37m/wd/hub/status[39m
[38;5;0m[HTTP][0m [90m{}[39m
[debug] [38;5;0m[HTTP][0m No route found for /wd/hub/status
[38;5;0m[HTTP][0m [37m<-- GET /wd/hub/status [39m[33m404[39m [90m1 ms - 211[39m
[38;5;0m[HTTP][0m [90m[39m
[38;5;0m[HTTP][0m [37m-->[39m [37mGET[39m [37m/wd/hub/status[39m
[38;5;0m[HTTP][0m [90m{}[39m
[debug] [38;5;0m[HTTP][0m No route found for /wd/hub/status
[38;5;0m[HTTP][0m [37m<-- GET /wd/hub/status [39m[33m404[39m [90m2 ms - 211[39m
[38;5;0m[HTTP][0m [90m[39m
[38;5;0m[HTTP][0m [37m-->[39m [37mGET[39m [37m/wd/hub/status[39m
[38;5;0m[HTTP][0m [90m{}[39m
[debug] [38;5;0m[HTTP][0m No route found for /wd/hub/status
[38;5;0m[HTTP][0m [37m<-- GET /wd/hub/status [39m[33m404[39m [90m1 ms - 211[39m
[38;5;0m[HTTP][0m [90m[39m
[38;5;0m[HTTP][0m [37m-->[39m [37mGET[39m [37m/wd/hub/status[39m
[38;5;0m[HTTP][0m [90m{}[39m
[debug] [38;5;0m[HTTP][0m No route found for /wd/hub/status
[38;5;0m[HTTP][0m [37m<-- GET /wd/hub/status [39m[33m404[39m [90m1 ms - 211[39m
[38;5;0m[HTTP][0m [90m[39m
[38;5;0m[HTTP][0m [37m-->[39m [37mGET[39m [37m/wd/hub/status[39m
[38;5;0m[HTTP][0m [90m{}[39m
[debug] [38;5;0m[HTTP][0m No route found for /wd/hub/status
[38;5;0m[HTTP][0m [37m<-- GET /wd/hub/status [39m[33m404[39m [90m1 ms - 211[39m
[38;5;0m[HTTP][0m [90m[39m
[38;5;0m[HTTP][0m [37m-->[39m [37mGET[39m [37m/wd/hub/status[39m
[38;5;0m[HTTP][0m [90m{}[39m
[debug] [38;5;0m[HTTP][0m No route found for /wd/hub/status
[38;5;0m[HTTP][0m [37m<-- GET /wd/hub/status [39m[33m404[39m [90m2 ms - 211[39m
[38;5;0m[HTTP][0m [90m[39m
[38;5;0m[HTTP][0m [37m-->[39m [37mGET[39m [37m/wd/hub/status[39m
[38;5;0m[HTTP][0m [90m{}[39m
[debug] [38;5;0m[HTTP][0m No route found for /wd/hub/status
[38;5;0m[HTTP][0m [37m<-- GET /wd/hub/status [39m[33m404[39m [90m1 ms - 211[39m
[38;5;0m[HTTP][0m [90m[39m
[38;5;0m[HTTP][0m [37m-->[39m [37mGET[39m [37m/wd/hub/status[39m
[38;5;0m[HTTP][0m [90m{}[39m
[debug] [38;5;0m[HTTP][0m No route found for /wd/hub/status
[38;5;0m[HTTP][0m [37m<-- GET /wd/hub/status [39m[33m404[39m [90m1 ms - 211[39m
[38;5;0m[HTTP][0m [90m[39m
[38;5;0m[HTTP][0m [37m-->[39m [37mGET[39m [37m/wd/hub/status[39m
[38;5;0m[HTTP][0m [90m{}[39m
[debug] [38;5;0m[HTTP][0m No route found for /wd/hub/status
[38;5;0m[HTTP][0m [37m<-- GET /wd/hub/status [39m[33m404[39m [90m1 ms - 211[39m
[38;5;0m[HTTP][0m [90m[39m
[38;5;0m[HTTP][0m [37m-->[39m [37mGET[39m [37m/wd/hub/status[39m
[38;5;0m[HTTP][0m [90m{}[39m
[debug] [38;5;0m[HTTP][0m No route found for /wd/hub/status
[38;5;0m[HTTP][0m [37m<-- GET /wd/hub/status [39m[33m404[39m [90m1 ms - 211[39m
[38;5;0m[HTTP][0m [90m[39m
[38;5;0m[HTTP][0m [37m-->[39m [37mGET[39m [37m/wd/hub/status[39m
[38;5;0m[HTTP][0m [90m{}[39m
[debug] [38;5;0m[HTTP][0m No route found for /wd/hub/status
[38;5;0m[HTTP][0m [37m<-- GET /wd/hub/status [39m[33m404[39m [90m1 ms - 211[39m
[38;5;0m[HTTP][0m [90m[39m
[38;5;0m[HTTP][0m [37m-->[39m [37mGET[39m [37m/wd/hub/status[39m
[38;5;0m[HTTP][0m [90m{}[39m
[debug] [38;5;0m[HTTP][0m No route found for /wd/hub/status
[38;5;0m[HTTP][0m [37m<-- GET /wd/hub/status [39m[33m404[39m [90m1 ms - 211[39m
[38;5;0m[HTTP][0m [90m[39m
[38;5;0m[HTTP][0m [37m-->[39m [37mGET[39m [37m/wd/hub/status[39m
[38;5;0m[HTTP][0m [90m{}[39m
[debug] [38;5;0m[HTTP][0m No route found for /wd/hub/status
[38;5;0m[HTTP][0m [37m<-- GET /wd/hub/status [39m[33m404[39m [90m1 ms - 211[39m
[38;5;0m[HTTP][0m [90m[39m
[38;5;0m[HTTP][0m [37m-->[39m [37mGET[39m [37m/wd/hub/status[39m
[38;5;0m[HTTP][0m [90m{}[39m
[debug] [38;5;0m[HTTP][0m No route found for /wd/hub/status
[38;5;0m[HTTP][0m [37m<-- GET /wd/hub/status [39m[33m404[39m [90m1 ms - 211[39m
[38;5;0m[HTTP][0m [90m[39m
[38;5;0m[HTTP][0m [37m-->[39m [37mGET[39m [37m/wd/hub/status[39m
[38;5;0m[HTTP][0m [90m{}[39m
[debug] [38;5;0m[HTTP][0m No route found for /wd/hub/status
[38;5;0m[HTTP][0m [37m<-- GET /wd/hub/status [39m[33m404[39m [90m1 ms - 211[39m
[38;5;0m[HTTP][0m [90m[39m
[38;5;0m[HTTP][0m [37m-->[39m [37mGET[39m [37m/wd/hub/status[39m
[38;5;0m[HTTP][0m [90m{}[39m
[debug] [38;5;0m[HTTP][0m No route found for /wd/hub/status
[38;5;0m[HTTP][0m [37m<-- GET /wd/hub/status [39m[33m404[39m [90m1 ms - 211[39m
[38;5;0m[HTTP][0m [90m[39m
[38;5;0m[HTTP][0m [37m-->[39m [37mGET[39m [37m/wd/hub/status[39m
[38;5;0m[HTTP][0m [90m{}[39m
[debug] [38;5;0m[HTTP][0m No route found for /wd/hub/status
[38;5;0m[HTTP][0m [37m<-- GET /wd/hub/status [39m[33m404[39m [90m1 ms - 211[39m
[38;5;0m[HTTP][0m [90m[39m
[38;5;0m[HTTP][0m [37m-->[39m [37mGET[39m [37m/wd/hub/status[39m
[38;5;0m[HTTP][0m [90m{}[39m
[debug] [38;5;0m[HTTP][0m No route found for /wd/hub/status
[38;5;0m[HTTP][0m [37m<-- GET /wd/hub/status [39m[33m404[39m [90m2 ms - 211[39m
[38;5;0m[HTTP][0m [90m[39m
[38;5;0m[HTTP][0m [37m-->[39m [37mGET[39m [37m/wd/hub/status[39m
[38;5;0m[HTTP][0m [90m{}[39m
[debug] [38;5;0m[HTTP][0m No route found for /wd/hub/status
[38;5;0m[HTTP][0m [37m<-- GET /wd/hub/status [39m[33m404[39m [90m1 ms - 211[39m
[38;5;0m[HTTP][0m [90m[39m
[38;5;0m[HTTP][0m [37m-->[39m [37mGET[39m [37m/wd/hub/status[39m
[38;5;0m[HTTP][0m [90m{}[39m
[debug] [38;5;0m[HTTP][0m No route found for /wd/hub/status
[38;5;0m[HTTP][0m [37m<-- GET /wd/hub/status [39m[33m404[39m [90m1 ms - 211[39m
[38;5;0m[HTTP][0m [90m[39m
[38;5;0m[HTTP][0m [37m-->[39m [37mGET[39m [37m/wd/hub/status[39m
[38;5;0m[HTTP][0m [90m{}[39m
[debug] [38;5;0m[HTTP][0m No route found for /wd/hub/status
[38;5;0m[HTTP][0m [37m<-- GET /wd/hub/status [39m[33m404[39m [90m1 ms - 211[39m
[38;5;0m[HTTP][0m [90m[39m
[38;5;0m[HTTP][0m [37m-->[39m [37mGET[39m [37m/wd/hub/status[39m
[38;5;0m[HTTP][0m [90m{}[39m
[debug] [38;5;0m[HTTP][0m No route found for /wd/hub/status
[38;5;0m[HTTP][0m [37m<-- GET /wd/hub/status [39m[33m404[39m [90m1 ms - 211[39m
[38;5;0m[HTTP][0m [90m[39m


at io.appium.java_client.service.local.AppiumDriverLocalService.start(AppiumDriverLocalService.java:164)
at com.TestCases.HybridTestCases.setup(HybridTestCases.java:36)
Caused by: org.openqa.selenium.net.UrlChecker$TimeoutException: Timed out waiting for [http://127.0.0.1:4723/wd/hub/status] to be available after 120002 ms
at org.openqa.selenium.net.UrlChecker.waitUntilAvailable(UrlChecker.java:100)
at io.appium.java_client.service.local.AppiumDriverLocalService.ping(AppiumDriverLocalService.java:129)
at io.appium.java_client.service.local.AppiumDriverLocalService.start(AppiumDriverLocalService.java:151)
... 25 more
Caused by: java.util.concurrent.TimeoutException
at java.base/java.util.concurrent.FutureTask.get(FutureTask.java:204)
at com.google.common.util.concurrent.SimpleTimeLimiter.callWithTimeout(SimpleTimeLimiter.java:156)
at org.openqa.selenium.net.UrlChecker.waitUntilAvailable(UrlChecker.java:75)
... 27 more
... Removed 24 stack frames]]>
    </failure>
  </testcase> <!-- @BeforeTest setup -->
  <testcase classname="com.TestCases.HybridTestCases" name="TS1" time="0.0">
    <skipped/>
  </testcase> <!-- TS1 -->
  <testcase classname="com.TestCases.HybridTestCases" name="TS2" time="0.0">
    <skipped/>
  </testcase> <!-- TS2 -->
  <testcase classname="com.TestCases.HybridTestCases" name="TS3" time="0.0">
    <skipped/>
  </testcase> <!-- TS3 -->
  <testcase classname="com.TestCases.HybridTestCases" name="TS4" time="0.0">
    <skipped/>
  </testcase> <!-- TS4 -->
  <testcase classname="com.TestCases.HybridTestCases" name="TS5" time="0.0">
    <skipped/>
  </testcase> <!-- TS5 -->
  <testcase classname="com.TestCases.HybridTestCases" name="TS6" time="0.0">
    <skipped/>
  </testcase> <!-- TS6 -->
  <testcase classname="com.TestCases.HybridTestCases" name="TS7" time="0.0">
    <skipped/>
  </testcase> <!-- TS7 -->
  <testcase classname="com.TestCases.HybridTestCases" name="TS8" time="0.0">
    <skipped/>
  </testcase> <!-- TS8 -->
  <testcase classname="com.TestCases.HybridTestCases" name="TS9" time="0.0">
    <skipped/>
  </testcase> <!-- TS9 -->
  <testcase classname="com.TestCases.HybridTestCases" name="TS10" time="0.0">
    <skipped/>
  </testcase> <!-- TS10 -->
  <testcase classname="com.TestCases.HybridTestCases" name="login" time="0.0">
    <ignored/>
  </testcase> <!-- login -->
</testsuite> <!-- Test -->
